[INFO] 2026-05-10 19:23:26,885 django.utils.autoreload: Watching for file changes with StatReloader
[INFO] 2026-05-10 19:23:33,313 apps.core.views: «агрузка прошла успешно
[INFO] 2026-05-10 19:23:33,824 apps.core.views: «агрузка прошла успешно
[INFO] 2026-05-10 19:26:50,564 django.utils.autoreload: D:\University\IGI\LR5\apps\core\views.py changed, reloading.
[INFO] 2026-05-10 19:26:51,356 django.utils.autoreload: Watching for file changes with StatReloader
[INFO] 2026-05-10 19:26:59,475 django.utils.autoreload: D:\University\IGI\LR5\apps\core\views.py changed, reloading.
[INFO] 2026-05-10 19:27:00,218 django.utils.autoreload: Watching for file changes with StatReloader
[INFO] 2026-05-10 19:27:01,580 django.utils.autoreload: D:\University\IGI\LR5\apps\core\views.py changed, reloading.
[INFO] 2026-05-10 19:27:02,183 django.utils.autoreload: Watching for file changes with StatReloader
[INFO] 2026-05-10 19:27:04,585 django.utils.autoreload: D:\University\IGI\LR5\apps\core\views.py changed, reloading.
[INFO] 2026-05-10 19:27:05,261 django.utils.autoreload: Watching for file changes with StatReloader
[INFO] 2026-05-10 19:27:18,780 django.utils.autoreload: D:\University\IGI\LR5\apps\core\views.py changed, reloading.
[INFO] 2026-05-10 19:27:19,508 django.utils.autoreload: Watching for file changes with StatReloader
[INFO] 2026-05-10 19:27:23,251 django.utils.autoreload: D:\University\IGI\LR5\apps\core\views.py changed, reloading.
[INFO] 2026-05-10 19:27:23,901 django.utils.autoreload: Watching for file changes with StatReloader
[INFO] 2026-05-10 19:27:25,505 django.utils.autoreload: D:\University\IGI\LR5\apps\core\views.py changed, reloading.
[INFO] 2026-05-10 19:27:26,121 django.utils.autoreload: Watching for file changes with StatReloader
[INFO] 2026-05-10 19:27:27,698 django.utils.autoreload: D:\University\IGI\LR5\apps\core\views.py changed, reloading.
[INFO] 2026-05-10 19:27:28,291 django.utils.autoreload: Watching for file changes with StatReloader
[INFO] 2026-05-10 19:27:30,953 django.utils.autoreload: D:\University\IGI\LR5\apps\core\views.py changed, reloading.
[INFO] 2026-05-10 19:27:31,579 django.utils.autoreload: Watching for file changes with StatReloader
[INFO] 2026-05-10 19:27:36,376 django.utils.autoreload: D:\University\IGI\LR5\apps\core\views.py changed, reloading.
[INFO] 2026-05-10 19:27:37,067 django.utils.autoreload: Watching for file changes with StatReloader
[INFO] 2026-05-10 19:27:42,890 django.utils.autoreload: D:\University\IGI\LR5\apps\core\views.py changed, reloading.
[INFO] 2026-05-10 19:27:43,502 django.utils.autoreload: Watching for file changes with StatReloader
[INFO] 2026-05-10 19:27:48,310 django.utils.autoreload: D:\University\IGI\LR5\apps\core\views.py changed, reloading.
[INFO] 2026-05-10 19:27:48,953 django.utils.autoreload: Watching for file changes with StatReloader
[INFO] 2026-05-10 19:27:50,267 django.utils.autoreload: D:\University\IGI\LR5\apps\core\views.py changed, reloading.
[INFO] 2026-05-10 19:27:50,892 django.utils.autoreload: Watching for file changes with StatReloader
[INFO] 2026-05-10 19:27:52,225 django.utils.autoreload: D:\University\IGI\LR5\apps\core\views.py changed, reloading.
[INFO] 2026-05-10 19:27:52,825 django.utils.autoreload: Watching for file changes with StatReloader
[INFO] 2026-05-10 19:27:54,196 django.utils.autoreload: D:\University\IGI\LR5\apps\core\views.py changed, reloading.
[INFO] 2026-05-10 19:27:54,771 django.utils.autoreload: Watching for file changes with StatReloader
[INFO] 2026-05-10 19:27:57,137 django.utils.autoreload: D:\University\IGI\LR5\apps\core\views.py changed, reloading.
[INFO] 2026-05-10 19:27:57,780 django.utils.autoreload: Watching for file changes with StatReloader
[INFO] 2026-05-10 19:28:00,151 django.utils.autoreload: D:\University\IGI\LR5\apps\core\views.py changed, reloading.
[INFO] 2026-05-10 19:28:00,722 django.utils.autoreload: Watching for file changes with StatReloader
[INFO] 2026-05-10 19:28:04,115 django.utils.autoreload: D:\University\IGI\LR5\apps\core\views.py changed, reloading.
[INFO] 2026-05-10 19:28:04,781 django.utils.autoreload: Watching for file changes with StatReloader
[INFO] 2026-05-10 19:28:08,167 django.utils.autoreload: D:\University\IGI\LR5\apps\core\views.py changed, reloading.
[INFO] 2026-05-10 19:28:08,738 django.utils.autoreload: Watching for file changes with StatReloader
[INFO] 2026-05-10 19:28:10,087 django.utils.autoreload: D:\University\IGI\LR5\apps\core\views.py changed, reloading.
[INFO] 2026-05-10 19:28:10,687 django.utils.autoreload: Watching for file changes with StatReloader
[INFO] 2026-05-10 19:28:12,049 django.utils.autoreload: D:\University\IGI\LR5\apps\core\views.py changed, reloading.
[INFO] 2026-05-10 19:28:12,631 django.utils.autoreload: Watching for file changes with StatReloader
[INFO] 2026-05-10 19:28:20,505 django.utils.autoreload: D:\University\IGI\LR5\apps\core\views.py changed, reloading.
[INFO] 2026-05-10 19:28:21,227 django.utils.autoreload: Watching for file changes with StatReloader
[INFO] 2026-05-10 19:28:40,822 apps.core.views: «агрузка прошла успешно
[INFO] 2026-05-10 19:28:41,847 apps.core.views: «агрузка прошла успешно
[WARNING] 2026-05-10 19:28:45,455 django.request: Not Found: /registration/register/
[INFO] 2026-05-10 19:32:07,237 django.utils.autoreload: D:\University\IGI\LR5\apps\core\views.py changed, reloading.
[INFO] 2026-05-10 19:32:07,922 django.utils.autoreload: Watching for file changes with StatReloader
[WARNING] 2026-05-10 19:32:31,528 django.request: Not Found: /registration/login/
[WARNING] 2026-05-10 19:32:33,867 django.request: Not Found: /registration/login/
[WARNING] 2026-05-10 19:32:36,492 django.request: Not Found: /registration/login/
[WARNING] 2026-05-10 19:32:41,653 django.request: Not Found: /registration/login/
[WARNING] 2026-05-10 19:32:46,399 django.request: Not Found: /registration/register/
[WARNING] 2026-05-10 19:32:51,732 django.request: Not Found: /registration/login/
[WARNING] 2026-05-10 19:32:57,636 django.request: Not Found: /registration/login/
[INFO] 2026-05-10 19:36:22,016 django.utils.autoreload: D:\University\IGI\LR5\apps\core\urls.py changed, reloading.
[INFO] 2026-05-10 19:36:22,718 django.utils.autoreload: Watching for file changes with StatReloader
[INFO] 2026-05-10 19:36:25,441 django.utils.autoreload: D:\University\IGI\LR5\apps\core\urls.py changed, reloading.
[INFO] 2026-05-10 19:36:26,113 django.utils.autoreload: Watching for file changes with StatReloader
[INFO] 2026-05-10 19:36:27,667 django.utils.autoreload: D:\University\IGI\LR5\apps\core\urls.py changed, reloading.
[INFO] 2026-05-10 19:36:28,236 django.utils.autoreload: Watching for file changes with StatReloader
[INFO] 2026-05-10 19:36:31,675 django.utils.autoreload: D:\University\IGI\LR5\apps\core\urls.py changed, reloading.
[INFO] 2026-05-10 19:36:32,350 django.utils.autoreload: Watching for file changes with StatReloader
[INFO] 2026-05-10 19:36:33,720 django.utils.autoreload: D:\University\IGI\LR5\apps\core\urls.py changed, reloading.
[INFO] 2026-05-10 19:36:34,311 django.utils.autoreload: Watching for file changes with StatReloader
[INFO] 2026-05-10 19:36:36,714 django.utils.autoreload: D:\University\IGI\LR5\apps\core\urls.py changed, reloading.
[INFO] 2026-05-10 19:36:37,315 django.utils.autoreload: Watching for file changes with StatReloader
[INFO] 2026-05-10 19:36:53,648 django.utils.autoreload: D:\University\IGI\LR5\apps\core\urls.py changed, reloading.
[INFO] 2026-05-10 19:36:54,383 django.utils.autoreload: Watching for file changes with StatReloader
[INFO] 2026-05-10 19:36:55,730 django.utils.autoreload: D:\University\IGI\LR5\apps\core\urls.py changed, reloading.
[INFO] 2026-05-10 19:36:56,403 django.utils.autoreload: Watching for file changes with StatReloader
[INFO] 2026-05-10 19:38:15,666 django.utils.autoreload: D:\University\IGI\LR5\apps\core\views.py changed, reloading.
[INFO] 2026-05-10 19:38:16,430 django.utils.autoreload: Watching for file changes with StatReloader
[WARNING] 2026-05-10 19:38:17,636 django.request: Not Found: /registration/login/
[INFO] 2026-05-10 19:38:34,435 apps.core.views: «агрузка прошла успешно
[INFO] 2026-05-10 19:38:35,255 apps.core.views: «агрузка прошла успешно
[INFO] 2026-05-10 19:42:01,292 apps.core.views: «агрузка прошла успешно
[INFO] 2026-05-10 19:42:01,831 apps.core.views: «агрузка прошла успешно
[INFO] 2026-05-10 19:43:52,829 apps.core.views: «агрузка прошла успешно
[INFO] 2026-05-10 19:43:53,340 apps.core.views: «агрузка прошла успешно
[INFO] 2026-05-10 19:46:57,299 django.utils.autoreload: D:\University\IGI\LR5\apps\news\views.py changed, reloading.
[INFO] 2026-05-10 19:46:58,451 django.utils.autoreload: Watching for file changes with StatReloader
[INFO] 2026-05-10 19:47:03,600 django.utils.autoreload: D:\University\IGI\LR5\apps\core\views.py changed, reloading.
[INFO] 2026-05-10 19:47:04,147 django.utils.autoreload: Watching for file changes with StatReloader
[INFO] 2026-05-10 19:47:09,862 django.utils.autoreload: D:\University\IGI\LR5\apps\news\views.py changed, reloading.
[INFO] 2026-05-10 19:47:10,354 django.utils.autoreload: Watching for file changes with StatReloader
[INFO] 2026-05-10 19:47:16,983 django.utils.autoreload: D:\University\IGI\LR5\apps\news\views.py changed, reloading.
[INFO] 2026-05-10 19:47:17,494 django.utils.autoreload: Watching for file changes with StatReloader
[INFO] 2026-05-10 19:47:29,244 django.utils.autoreload: D:\University\IGI\LR5\apps\news\views.py changed, reloading.
[INFO] 2026-05-10 19:47:29,804 django.utils.autoreload: Watching for file changes with StatReloader
[INFO] 2026-05-10 19:47:34,422 django.utils.autoreload: D:\University\IGI\LR5\apps\core\views.py changed, reloading.
[INFO] 2026-05-10 19:47:34,959 django.utils.autoreload: Watching for file changes with StatReloader
[INFO] 2026-05-10 19:47:38,496 django.utils.autoreload: D:\University\IGI\LR5\apps\core\views.py changed, reloading.
[INFO] 2026-05-10 19:47:39,030 django.utils.autoreload: Watching for file changes with StatReloader
[INFO] 2026-05-10 19:48:02,508 apps.core.views: «агрузка прошла успешно
[INFO] 2026-05-10 19:48:03,069 apps.core.views: «агрузка прошла успешно
[INFO] 2026-05-10 19:48:06,098 apps.core.views: «агрузка прошла успешно
[INFO] 2026-05-10 19:48:06,629 apps.core.views: «агрузка прошла успешно
[INFO] 2026-05-10 19:49:22,905 django.utils.autoreload: D:\University\IGI\LR5\apps\reviews\models.py changed, reloading.
[INFO] 2026-05-10 19:49:23,446 django.utils.autoreload: Watching for file changes with StatReloader
[INFO] 2026-05-10 19:49:24,927 django.utils.autoreload: D:\University\IGI\LR5\apps\reviews\models.py changed, reloading.
[INFO] 2026-05-10 19:49:25,561 django.utils.autoreload: Watching for file changes with StatReloader
[INFO] 2026-05-10 19:49:31,188 django.utils.autoreload: D:\University\IGI\LR5\apps\reviews\views.py changed, reloading.
[INFO] 2026-05-10 19:49:31,718 django.utils.autoreload: Watching for file changes with StatReloader
[INFO] 2026-05-10 19:49:48,989 django.utils.autoreload: D:\University\IGI\LR5\apps\openings\views.py changed, reloading.
[INFO] 2026-05-10 19:49:49,607 django.utils.autoreload: Watching for file changes with StatReloader
[INFO] 2026-05-10 19:49:57,296 django.utils.autoreload: D:\University\IGI\LR5\apps\openings\views.py changed, reloading.
[INFO] 2026-05-10 19:49:57,875 django.utils.autoreload: Watching for file changes with StatReloader
[INFO] 2026-05-10 19:50:05,636 django.utils.autoreload: D:\University\IGI\LR5\apps\openings\views.py changed, reloading.
[INFO] 2026-05-10 19:50:06,205 django.utils.autoreload: Watching for file changes with StatReloader
[INFO] 2026-05-10 19:50:25,988 apps.core.views: «агрузка прошла успешно
[INFO] 2026-05-10 19:50:26,598 apps.core.views: «агрузка прошла успешно
[INFO] 2026-05-10 19:51:43,625 apps.core.views: «агрузка прошла успешно
[INFO] 2026-05-10 19:51:44,131 apps.core.views: «агрузка прошла успешно
[INFO] 2026-05-10 19:52:08,476 apps.core.views: «агрузка прошла успешно
[INFO] 2026-05-10 19:52:09,029 apps.core.views: «агрузка прошла успешно
[INFO] 2026-05-10 19:58:06,426 apps.core.views: «агрузка прошла успешно
[INFO] 2026-05-10 19:58:07,021 apps.core.views: «агрузка прошла успешно
[WARNING] 2026-05-10 20:10:22,156 django.request: Not Found: /openings/1/update/
[WARNING] 2026-05-10 20:10:22,165 django.request: Not Found: /openings/1/delete/
[INFO] 2026-05-10 20:14:52,515 django.utils.autoreload: Watching for file changes with StatReloader
[INFO] 2026-05-10 20:15:02,401 django.utils.autoreload: D:\University\IGI\LR5\apps\animals\urls.py changed, reloading.
[INFO] 2026-05-10 20:15:02,994 django.utils.autoreload: Watching for file changes with StatReloader
[WARNING] 2026-05-10 20:16:02,703 django.request: Not Found: /animals/2/detail/
[INFO] 2026-05-10 20:16:15,086 django.utils.autoreload: D:\University\IGI\LR5\apps\animals\urls.py changed, reloading.
[INFO] 2026-05-10 20:16:15,556 django.utils.autoreload: Watching for file changes with StatReloader
[INFO] 2026-05-10 20:17:06,292 apps.core.views: «агрузка прошла успешно
[INFO] 2026-05-10 20:17:06,768 apps.core.views: «агрузка прошла успешно
[INFO] 2026-05-10 20:19:03,825 django.utils.autoreload: D:\University\IGI\LR5\apps\animals\urls.py changed, reloading.
[INFO] 2026-05-10 20:19:04,296 django.utils.autoreload: Watching for file changes with StatReloader
[INFO] 2026-05-10 20:21:53,339 django.utils.autoreload: D:\University\IGI\LR5\apps\animals\urls.py changed, reloading.
[INFO] 2026-05-10 20:21:53,802 django.utils.autoreload: Watching for file changes with StatReloader
[INFO] 2026-05-10 20:21:58,272 django.utils.autoreload: D:\University\IGI\LR5\apps\animals\urls.py changed, reloading.
[INFO] 2026-05-10 20:21:58,764 django.utils.autoreload: Watching for file changes with StatReloader
[INFO] 2026-05-10 20:22:00,252 django.utils.autoreload: D:\University\IGI\LR5\apps\animals\urls.py changed, reloading.
[INFO] 2026-05-10 20:22:00,749 django.utils.autoreload: Watching for file changes with StatReloader
[INFO] 2026-05-10 20:22:02,117 django.utils.autoreload: D:\University\IGI\LR5\apps\animals\urls.py changed, reloading.
[INFO] 2026-05-10 20:22:02,658 django.utils.autoreload: Watching for file changes with StatReloader
[INFO] 2026-05-10 20:22:47,267 apps.core.views: «агрузка прошла успешно
[INFO] 2026-05-10 20:22:47,802 apps.core.views: «агрузка прошла успешно
[WARNING] 2026-05-10 20:24:51,612 django.request: Not Found: /openings/2/update/
[WARNING] 2026-05-10 20:24:58,052 django.request: Not Found: /openings/2/delete/
[INFO] 2026-05-10 20:27:00,175 django.utils.autoreload: D:\University\IGI\LR5\apps\animals\urls.py changed, reloading.
[INFO] 2026-05-10 20:27:00,643 django.utils.autoreload: Watching for file changes with StatReloader
[INFO] 2026-05-10 20:27:05,245 django.utils.autoreload: D:\University\IGI\LR5\apps\animals\urls.py changed, reloading.
[INFO] 2026-05-10 20:27:05,689 django.utils.autoreload: Watching for file changes with StatReloader
[INFO] 2026-05-10 20:27:09,015 django.utils.autoreload: D:\University\IGI\LR5\apps\animals\urls.py changed, reloading.
[INFO] 2026-05-10 20:27:09,482 django.utils.autoreload: Watching for file changes with StatReloader
[INFO] 2026-05-10 20:27:11,988 django.utils.autoreload: D:\University\IGI\LR5\apps\animals\urls.py changed, reloading.
[INFO] 2026-05-10 20:27:12,450 django.utils.autoreload: Watching for file changes with StatReloader
[INFO] 2026-05-10 20:28:38,647 django.utils.autoreload: D:\University\IGI\LR5\apps\animals\views.py changed, reloading.
[INFO] 2026-05-10 20:28:39,208 django.utils.autoreload: Watching for file changes with StatReloader
[INFO] 2026-05-10 20:28:45,869 django.utils.autoreload: D:\University\IGI\LR5\apps\animals\views.py changed, reloading.
[INFO] 2026-05-10 20:28:46,311 django.utils.autoreload: Watching for file changes with StatReloader
[INFO] 2026-05-10 20:28:48,812 django.utils.autoreload: D:\University\IGI\LR5\apps\animals\views.py changed, reloading.
[INFO] 2026-05-10 20:28:49,278 django.utils.autoreload: Watching for file changes with StatReloader
[INFO] 2026-05-10 20:28:51,753 django.utils.autoreload: D:\University\IGI\LR5\apps\animals\views.py changed, reloading.
[INFO] 2026-05-10 20:28:52,255 django.utils.autoreload: Watching for file changes with StatReloader
[INFO] 2026-05-10 20:29:11,265 django.utils.autoreload: D:\University\IGI\LR5\apps\animals\urls.py changed, reloading.
[INFO] 2026-05-10 20:29:11,782 django.utils.autoreload: Watching for file changes with StatReloader
[INFO] 2026-05-10 20:29:13,242 django.utils.autoreload: D:\University\IGI\LR5\apps\animals\urls.py changed, reloading.
[INFO] 2026-05-10 20:29:13,679 django.utils.autoreload: Watching for file changes with StatReloader
[INFO] 2026-05-10 20:29:38,039 apps.core.views: «агрузка прошла успешно
[INFO] 2026-05-10 20:29:38,592 apps.core.views: «агрузка прошла успешно
[WARNING] 2026-05-10 20:30:59,963 django.request: Not Found: /openings/1/update/
[WARNING] 2026-05-10 20:30:59,970 django.request: Not Found: /openings/1/delete/
[ERROR] 2026-05-10 20:35:01,610 django.request: Internal Server Error: /animals/1/delete/
Traceback (most recent call last):
  File "D:\University\IGI\LR5\venv\Lib\site-packages\django\core\handlers\exception.py", line 55, in inner
    response = get_response(request)
  File "D:\University\IGI\LR5\venv\Lib\site-packages\django\core\handlers\base.py", line 198, in _get_response
    response = wrapped_callback(request, *callback_args, **callback_kwargs)
  File "D:\University\IGI\LR5\venv\Lib\site-packages\django\views\generic\base.py", line 106, in view
    return self.dispatch(request, *args, **kwargs)
           ~~~~~~~~~~~~~^^^^^^^^^^^^^^^^^^^^^^^^^^
  File "D:\University\IGI\LR5\venv\Lib\site-packages\django\views\generic\base.py", line 145, in dispatch
    return handler(request, *args, **kwargs)
  File "D:\University\IGI\LR5\venv\Lib\site-packages\django\views\generic\edit.py", line 258, in post
    return self.form_valid(form)
           ~~~~~~~~~~~~~~~^^^^^^
  File "D:\University\IGI\LR5\venv\Lib\site-packages\django\views\generic\edit.py", line 263, in form_valid
    success_url = self.get_success_url()
  File "D:\University\IGI\LR5\venv\Lib\site-packages\django\views\generic\edit.py", line 235, in get_success_url
    if self.success_url:
       ^^^^^^^^^^^^^^^^
  File "D:\University\IGI\LR5\venv\Lib\site-packages\django\utils\functional.py", line 187, in __wrapper__
    result = func(*self._args, **self._kw)
  File "D:\University\IGI\LR5\venv\Lib\site-packages\django\urls\base.py", line 98, in reverse
    resolved_url = resolver._reverse_with_prefix(view, prefix, *args, **kwargs)
  File "D:\University\IGI\LR5\venv\Lib\site-packages\django\urls\resolvers.py", line 842, in _reverse_with_prefix
    raise NoReverseMatch(msg)
django.urls.exceptions.NoReverseMatch: Reverse for 'list' not found. 'list' is not a valid view function or pattern name.
[ERROR] 2026-05-10 20:36:11,719 django.request: Internal Server Error: /animals/1/delete/
Traceback (most recent call last):
  File "D:\University\IGI\LR5\venv\Lib\site-packages\django\core\handlers\exception.py", line 55, in inner
    response = get_response(request)
  File "D:\University\IGI\LR5\venv\Lib\site-packages\django\core\handlers\base.py", line 198, in _get_response
    response = wrapped_callback(request, *callback_args, **callback_kwargs)
  File "D:\University\IGI\LR5\venv\Lib\site-packages\django\views\generic\base.py", line 106, in view
    return self.dispatch(request, *args, **kwargs)
           ~~~~~~~~~~~~~^^^^^^^^^^^^^^^^^^^^^^^^^^
  File "D:\University\IGI\LR5\venv\Lib\site-packages\django\views\generic\base.py", line 145, in dispatch
    return handler(request, *args, **kwargs)
  File "D:\University\IGI\LR5\venv\Lib\site-packages\django\views\generic\edit.py", line 258, in post
    return self.form_valid(form)
           ~~~~~~~~~~~~~~~^^^^^^
  File "D:\University\IGI\LR5\venv\Lib\site-packages\django\views\generic\edit.py", line 263, in form_valid
    success_url = self.get_success_url()
  File "D:\University\IGI\LR5\venv\Lib\site-packages\django\views\generic\edit.py", line 235, in get_success_url
    if self.success_url:
       ^^^^^^^^^^^^^^^^
  File "D:\University\IGI\LR5\venv\Lib\site-packages\django\utils\functional.py", line 187, in __wrapper__
    result = func(*self._args, **self._kw)
  File "D:\University\IGI\LR5\venv\Lib\site-packages\django\urls\base.py", line 98, in reverse
    resolved_url = resolver._reverse_with_prefix(view, prefix, *args, **kwargs)
  File "D:\University\IGI\LR5\venv\Lib\site-packages\django\urls\resolvers.py", line 842, in _reverse_with_prefix
    raise NoReverseMatch(msg)
django.urls.exceptions.NoReverseMatch: Reverse for 'list' not found. 'list' is not a valid view function or pattern name.
[INFO] 2026-05-10 20:36:26,343 django.utils.autoreload: Watching for file changes with StatReloader
[ERROR] 2026-05-10 20:39:01,640 django.request: Internal Server Error: /animals/1/delete/
Traceback (most recent call last):
  File "D:\University\IGI\LR5\venv\Lib\site-packages\django\core\handlers\exception.py", line 55, in inner
    response = get_response(request)
  File "D:\University\IGI\LR5\venv\Lib\site-packages\django\core\handlers\base.py", line 198, in _get_response
    response = wrapped_callback(request, *callback_args, **callback_kwargs)
  File "D:\University\IGI\LR5\venv\Lib\site-packages\django\views\generic\base.py", line 106, in view
    return self.dispatch(request, *args, **kwargs)
           ~~~~~~~~~~~~~^^^^^^^^^^^^^^^^^^^^^^^^^^
  File "D:\University\IGI\LR5\venv\Lib\site-packages\django\views\generic\base.py", line 145, in dispatch
    return handler(request, *args, **kwargs)
  File "D:\University\IGI\LR5\venv\Lib\site-packages\django\views\generic\edit.py", line 258, in post
    return self.form_valid(form)
           ~~~~~~~~~~~~~~~^^^^^^
  File "D:\University\IGI\LR5\venv\Lib\site-packages\django\views\generic\edit.py", line 263, in form_valid
    success_url = self.get_success_url()
  File "D:\University\IGI\LR5\venv\Lib\site-packages\django\views\generic\edit.py", line 235, in get_success_url
    if self.success_url:
       ^^^^^^^^^^^^^^^^
  File "D:\University\IGI\LR5\venv\Lib\site-packages\django\utils\functional.py", line 187, in __wrapper__
    result = func(*self._args, **self._kw)
  File "D:\University\IGI\LR5\venv\Lib\site-packages\django\urls\base.py", line 98, in reverse
    resolved_url = resolver._reverse_with_prefix(view, prefix, *args, **kwargs)
  File "D:\University\IGI\LR5\venv\Lib\site-packages\django\urls\resolvers.py", line 842, in _reverse_with_prefix
    raise NoReverseMatch(msg)
django.urls.exceptions.NoReverseMatch: Reverse for 'list' not found. 'list' is not a valid view function or pattern name.
[INFO] 2026-05-10 21:03:50,134 django.utils.autoreload: Watching for file changes with StatReloader
[INFO] 2026-05-10 22:27:30,172 django.utils.autoreload: Watching for file changes with StatReloader
[INFO] 2026-05-10 23:38:56,490 django.utils.autoreload: Watching for file changes with StatReloader
[INFO] 2026-05-11 07:37:52,625 django.utils.autoreload: Watching for file changes with StatReloader
[INFO] 2026-05-11 07:38:06,675 apps.core.views: «агрузка прошла успешно
[INFO] 2026-05-11 07:38:07,363 apps.core.views: «агрузка прошла успешно
[WARNING] 2026-05-11 07:38:07,566 django.request: Not Found: /favicon.ico
[INFO] 2026-05-11 07:38:12,430 apps.core.views: «агрузка прошла успешно
[INFO] 2026-05-11 07:38:13,406 apps.core.views: «агрузка прошла успешно
[INFO] 2026-05-11 07:38:50,575 apps.core.views: «агрузка прошла успешно
[INFO] 2026-05-11 07:38:51,913 apps.core.views: «агрузка прошла успешно
[ERROR] 2026-05-11 07:39:01,723 django.request: Internal Server Error: /tickets/create/
Traceback (most recent call last):
  File "D:\University\IGI\LR5\venv\Lib\site-packages\django\db\backends\utils.py", line 105, in _execute
    return self.cursor.execute(sql, params)
           ~~~~~~~~~~~~~~~~~~~^^^^^^^^^^^^^
  File "D:\University\IGI\LR5\venv\Lib\site-packages\django\db\backends\sqlite3\base.py", line 359, in execute
    return super().execute(query, params)
           ~~~~~~~~~~~~~~~^^^^^^^^^^^^^^^
sqlite3.IntegrityError: NOT NULL constraint failed: tickets_ticket.visit_date

The above exception was the direct cause of the following exception:

Traceback (most recent call last):
  File "D:\University\IGI\LR5\venv\Lib\site-packages\django\core\handlers\exception.py", line 55, in inner
    response = get_response(request)
  File "D:\University\IGI\LR5\venv\Lib\site-packages\django\core\handlers\base.py", line 198, in _get_response
    response = wrapped_callback(request, *callback_args, **callback_kwargs)
  File "D:\University\IGI\LR5\venv\Lib\site-packages\django\contrib\auth\decorators.py", line 59, in _view_wrapper
    return view_func(request, *args, **kwargs)
  File "D:\University\IGI\LR5\apps\tickets\views.py", line 52, in ticket_create
    ticket.save()
    ~~~~~~~~~~~^^
  File "D:\University\IGI\LR5\venv\Lib\site-packages\django\db\models\base.py", line 874, in save
    self.save_base(
    ~~~~~~~~~~~~~~^
        using=using,
        ^^^^^^^^^^^^
    ...<2 lines>...
        update_fields=update_fields,
        ^^^^^^^^^^^^^^^^^^^^^^^^^^^^
    )
    ^
  File "D:\University\IGI\LR5\venv\Lib\site-packages\django\db\models\base.py", line 966, in save_base
    updated = self._save_table(
        raw,
    ...<4 lines>...
        update_fields,
    )
  File "D:\University\IGI\LR5\venv\Lib\site-packages\django\db\models\base.py", line 1169, in _save_table
    results = self._do_insert(
        cls._base_manager, using, insert_fields, returning_fields, raw
    )
  File "D:\University\IGI\LR5\venv\Lib\site-packages\django\db\models\base.py", line 1220, in _do_insert
    return manager._insert(
           ~~~~~~~~~~~~~~~^
        [self],
        ^^^^^^^
    ...<3 lines>...
        raw=raw,
        ^^^^^^^^
    )
    ^
  File "D:\University\IGI\LR5\venv\Lib\site-packages\django\db\models\manager.py", line 87, in manager_method
    return getattr(self.get_queryset(), name)(*args, **kwargs)
           ~~~~~~~~~~~~~~~~~~~~~~~~~~~~~~~~~~^^^^^^^^^^^^^^^^^
  File "D:\University\IGI\LR5\venv\Lib\site-packages\django\db\models\query.py", line 1918, in _insert
    return query.get_compiler(using=using).execute_sql(returning_fields)
           ~~~~~~~~~~~~~~~~~~~~~~~~~~~~~~~~~~~~~~~~~~~^^^^^^^^^^^^^^^^^^
  File "D:\University\IGI\LR5\venv\Lib\site-packages\django\db\models\sql\compiler.py", line 1925, in execute_sql
    cursor.execute(sql, params)
    ~~~~~~~~~~~~~~^^^^^^^^^^^^^
  File "D:\University\IGI\LR5\venv\Lib\site-packages\django\db\backends\utils.py", line 122, in execute
    return super().execute(sql, params)
           ~~~~~~~~~~~~~~~^^^^^^^^^^^^^
  File "D:\University\IGI\LR5\venv\Lib\site-packages\django\db\backends\utils.py", line 79, in execute
    return self._execute_with_wrappers(
           ~~~~~~~~~~~~~~~~~~~~~~~~~~~^
        sql, params, many=False, executor=self._execute
        ^^^^^^^^^^^^^^^^^^^^^^^^^^^^^^^^^^^^^^^^^^^^^^^
    )
    ^
  File "D:\University\IGI\LR5\venv\Lib\site-packages\django\db\backends\utils.py", line 92, in _execute_with_wrappers
    return executor(sql, params, many, context)
  File "D:\University\IGI\LR5\venv\Lib\site-packages\django\db\backends\utils.py", line 100, in _execute
    with self.db.wrap_database_errors:
         ^^^^^^^^^^^^^^^^^^^^^^^^^^^^
  File "D:\University\IGI\LR5\venv\Lib\site-packages\django\db\utils.py", line 94, in __exit__
    raise dj_exc_value.with_traceback(traceback) from exc_value
  File "D:\University\IGI\LR5\venv\Lib\site-packages\django\db\backends\utils.py", line 105, in _execute
    return self.cursor.execute(sql, params)
           ~~~~~~~~~~~~~~~~~~~^^^^^^^^^^^^^
  File "D:\University\IGI\LR5\venv\Lib\site-packages\django\db\backends\sqlite3\base.py", line 359, in execute
    return super().execute(query, params)
           ~~~~~~~~~~~~~~~^^^^^^^^^^^^^^^
django.db.utils.IntegrityError: NOT NULL constraint failed: tickets_ticket.visit_date
[INFO] 2026-05-11 08:06:54,982 django.utils.autoreload: Watching for file changes with StatReloader
[INFO] 2026-05-11 08:07:18,369 apps.core.views: «агрузка прошла успешно
[INFO] 2026-05-11 08:07:18,894 apps.core.views: «агрузка прошла успешно
[WARNING] 2026-05-11 08:07:19,008 django.request: Not Found: /favicon.ico
[WARNING] 2026-05-11 08:23:24,667 django.security.csrf: Forbidden (CSRF token from POST incorrect.): /accounts/login/
[INFO] 2026-05-11 08:24:00,912 apps.core.views: «агрузка прошла успешно
[INFO] 2026-05-11 08:24:01,488 apps.core.views: «агрузка прошла успешно
[INFO] 2026-05-11 08:29:08,415 apps.core.views: «агрузка прошла успешно
[INFO] 2026-05-11 08:29:09,433 apps.core.views: «агрузка прошла успешно
[INFO] 2026-05-11 08:34:36,301 apps.core.views: «агрузка прошла успешно
[INFO] 2026-05-11 08:34:36,841 apps.core.views: «агрузка прошла успешно
[INFO] 2026-05-11 08:34:45,502 apps.core.views: «агрузка прошла успешно
[INFO] 2026-05-11 08:34:46,064 apps.core.views: «агрузка прошла успешно
[INFO] 2026-05-11 11:55:05,142 django.utils.autoreload: Watching for file changes with StatReloader
[INFO] 2026-05-11 11:55:31,368 apps.core.views: «агрузка прошла успешно
[INFO] 2026-05-11 11:55:33,689 apps.core.views: «агрузка прошла успешно
[WARNING] 2026-05-11 11:55:33,929 django.request: Not Found: /favicon.ico
[INFO] 2026-05-11 11:56:31,593 apps.core.views: «агрузка прошла успешно
[INFO] 2026-05-11 11:56:33,018 apps.core.views: «агрузка прошла успешно
[INFO] 2026-05-11 11:56:41,330 apps.core.views: «агрузка прошла успешно
[INFO] 2026-05-11 11:56:42,438 apps.core.views: «агрузка прошла успешно
[INFO] 2026-05-11 11:58:05,832 django.utils.autoreload: D:\University\IGI\LR5\apps\openings\admin.py changed, reloading.
[INFO] 2026-05-11 11:58:06,673 django.utils.autoreload: Watching for file changes with StatReloader
[INFO] 2026-05-11 11:58:08,125 django.utils.autoreload: D:\University\IGI\LR5\apps\openings\admin.py changed, reloading.
[INFO] 2026-05-11 11:58:08,776 django.utils.autoreload: Watching for file changes with StatReloader
[INFO] 2026-05-11 11:58:14,425 django.utils.autoreload: D:\University\IGI\LR5\apps\openings\admin.py changed, reloading.
[INFO] 2026-05-11 11:58:15,097 django.utils.autoreload: Watching for file changes with StatReloader
[INFO] 2026-05-11 11:58:17,691 django.utils.autoreload: D:\University\IGI\LR5\apps\openings\admin.py changed, reloading.
[INFO] 2026-05-11 11:58:18,336 django.utils.autoreload: Watching for file changes with StatReloader
[INFO] 2026-05-11 11:58:23,938 django.utils.autoreload: D:\University\IGI\LR5\apps\openings\admin.py changed, reloading.
[INFO] 2026-05-11 11:58:24,592 django.utils.autoreload: Watching for file changes with StatReloader
[INFO] 2026-05-11 11:59:56,288 django.utils.autoreload: Watching for file changes with StatReloader
[WARNING] 2026-05-11 12:00:07,036 django.security.csrf: Forbidden (CSRF token from POST incorrect.): /accounts/logout/
[INFO] 2026-05-11 12:00:38,832 django.utils.autoreload: D:\University\IGI\LR5\apps\openings\views.py changed, reloading.
[INFO] 2026-05-11 12:00:39,609 django.utils.autoreload: Watching for file changes with StatReloader
[INFO] 2026-05-11 12:00:59,071 apps.core.views: «агрузка прошла успешно
[INFO] 2026-05-11 12:01:00,281 apps.core.views: «агрузка прошла успешно
[INFO] 2026-05-11 09:45:22,755 apps.core.views: –Ч–∞–≥—А—Г–Ј–Ї–∞ –њ—А–Њ—И–ї–∞ —Г—Б–њ–µ—И–љ–Њ
[INFO] 2026-05-11 09:45:23,093 apps.core.views: –Ч–∞–≥—А—Г–Ј–Ї–∞ –њ—А–Њ—И–ї–∞ —Г—Б–њ–µ—И–љ–Њ
[WARNING] 2026-05-11 09:45:23,337 django.request: Not Found: /favicon.ico
[INFO] 2026-05-11 09:46:15,726 apps.core.views: –Ч–∞–≥—А—Г–Ј–Ї–∞ –њ—А–Њ—И–ї–∞ —Г—Б–њ–µ—И–љ–Њ
[INFO] 2026-05-11 09:46:16,035 apps.core.views: –Ч–∞–≥—А—Г–Ј–Ї–∞ –њ—А–Њ—И–ї–∞ —Г—Б–њ–µ—И–љ–Њ
[INFO] 2026-05-11 10:29:50,215 apps.core.views: –Ч–∞–≥—А—Г–Ј–Ї–∞ –њ—А–Њ—И–ї–∞ —Г—Б–њ–µ—И–љ–Њ
[INFO] 2026-05-11 10:29:51,739 apps.core.views: –Ч–∞–≥—А—Г–Ј–Ї–∞ –њ—А–Њ—И–ї–∞ —Г—Б–њ–µ—И–љ–Њ
[INFO] 2026-05-11 13:49:53,726 django.utils.autoreload: Watching for file changes with StatReloader
[INFO] 2026-05-11 13:50:04,300 apps.core.views: «агрузка прошла успешно
[INFO] 2026-05-11 13:50:05,195 apps.core.views: «агрузка прошла успешно
[INFO] 2026-05-11 14:09:49,640 django.utils.autoreload: D:\University\IGI\LR5\zoo\settings.py changed, reloading.
[INFO] 2026-05-11 11:13:01,460 apps.core.views: –Ч–∞–≥—А—Г–Ј–Ї–∞ –њ—А–Њ—И–ї–∞ —Г—Б–њ–µ—И–љ–Њ
[INFO] 2026-05-11 11:13:01,743 apps.core.views: –Ч–∞–≥—А—Г–Ј–Ї–∞ –њ—А–Њ—И–ї–∞ —Г—Б–њ–µ—И–љ–Њ
[INFO] 2026-05-11 12:19:13,291 apps.core.views: –Ч–∞–≥—А—Г–Ј–Ї–∞ –њ—А–Њ—И–ї–∞ —Г—Б–њ–µ—И–љ–Њ
[INFO] 2026-05-11 12:19:14,093 apps.core.views: –Ч–∞–≥—А—Г–Ј–Ї–∞ –њ—А–Њ—И–ї–∞ —Г—Б–њ–µ—И–љ–Њ
[INFO] 2026-05-11 12:20:35,371 apps.core.views: –Ч–∞–≥—А—Г–Ј–Ї–∞ –њ—А–Њ—И–ї–∞ —Г—Б–њ–µ—И–љ–Њ
[INFO] 2026-05-11 12:20:35,789 apps.core.views: –Ч–∞–≥—А—Г–Ј–Ї–∞ –њ—А–Њ—И–ї–∞ —Г—Б–њ–µ—И–љ–Њ
[INFO] 2026-05-11 15:24:04,557 django.utils.autoreload: Watching for file changes with StatReloader
[INFO] 2026-05-11 15:24:27,017 django.utils.autoreload: D:\University\IGI\LR5\zoo\settings.py changed, reloading.
[INFO] 2026-05-11 15:24:29,176 django.utils.autoreload: Watching for file changes with StatReloader
[ERROR] 2026-05-11 12:25:23,271 apps.core.views: –Ю—И–Є–±–Ї–∞ API
[ERROR] 2026-05-11 12:25:23,277 apps.core.views: –Ю—И–Є–±–Ї–∞ API
[INFO] 2026-05-11 15:26:27,048 django.utils.autoreload: Watching for file changes with StatReloader
[INFO] 2026-05-11 15:26:57,725 django.utils.autoreload: Watching for file changes with StatReloader
[INFO] 2026-05-11 15:27:14,875 apps.core.views: «агрузка прошла успешно
[INFO] 2026-05-11 15:27:15,642 apps.core.views: «агрузка прошла успешно
[INFO] 2026-05-11 15:27:33,495 django.utils.autoreload: D:\University\IGI\LR5\zoo\settings.py changed, reloading.
[INFO] 2026-05-11 12:27:50,927 apps.core.views: –Ч–∞–≥—А—Г–Ј–Ї–∞ –њ—А–Њ—И–ї–∞ —Г—Б–њ–µ—И–љ–Њ
[INFO] 2026-05-11 12:27:51,375 apps.core.views: –Ч–∞–≥—А—Г–Ј–Ї–∞ –њ—А–Њ—И–ї–∞ —Г—Б–њ–µ—И–љ–Њ
[INFO] 2026-05-11 12:29:39,000 apps.core.views: –Ч–∞–≥—А—Г–Ј–Ї–∞ –њ—А–Њ—И–ї–∞ —Г—Б–њ–µ—И–љ–Њ
[INFO] 2026-05-11 12:29:39,419 apps.core.views: –Ч–∞–≥—А—Г–Ј–Ї–∞ –њ—А–Њ—И–ї–∞ —Г—Б–њ–µ—И–љ–Њ
[INFO] 2026-05-11 12:37:28,612 apps.core.views: –Ч–∞–≥—А—Г–Ј–Ї–∞ –њ—А–Њ—И–ї–∞ —Г—Б–њ–µ—И–љ–Њ
[INFO] 2026-05-11 12:37:29,174 apps.core.views: –Ч–∞–≥—А—Г–Ј–Ї–∞ –њ—А–Њ—И–ї–∞ —Г—Б–њ–µ—И–љ–Њ
[INFO] 2026-05-11 12:40:22,373 apps.core.views: –Ч–∞–≥—А—Г–Ј–Ї–∞ –њ—А–Њ—И–ї–∞ —Г—Б–њ–µ—И–љ–Њ
[INFO] 2026-05-11 12:40:22,887 apps.core.views: –Ч–∞–≥—А—Г–Ј–Ї–∞ –њ—А–Њ—И–ї–∞ —Г—Б–њ–µ—И–љ–Њ
[INFO] 2026-05-11 12:43:46,877 apps.core.views: –Ч–∞–≥—А—Г–Ј–Ї–∞ –њ—А–Њ—И–ї–∞ —Г—Б–њ–µ—И–љ–Њ
[INFO] 2026-05-11 12:43:47,375 apps.core.views: –Ч–∞–≥—А—Г–Ј–Ї–∞ –њ—А–Њ—И–ї–∞ —Г—Б–њ–µ—И–љ–Њ
[INFO] 2026-05-11 12:44:04,986 apps.core.views: –Ч–∞–≥—А—Г–Ј–Ї–∞ –њ—А–Њ—И–ї–∞ —Г—Б–њ–µ—И–љ–Њ
[INFO] 2026-05-11 12:44:05,605 apps.core.views: –Ч–∞–≥—А—Г–Ј–Ї–∞ –њ—А–Њ—И–ї–∞ —Г—Б–њ–µ—И–љ–Њ
[INFO] 2026-05-11 12:46:55,896 apps.core.views: –Ч–∞–≥—А—Г–Ј–Ї–∞ –њ—А–Њ—И–ї–∞ —Г—Б–њ–µ—И–љ–Њ
[INFO] 2026-05-11 12:46:56,298 apps.core.views: –Ч–∞–≥—А—Г–Ј–Ї–∞ –њ—А–Њ—И–ї–∞ —Г—Б–њ–µ—И–љ–Њ
[INFO] 2026-05-11 12:48:25,801 apps.core.views: –Ч–∞–≥—А—Г–Ј–Ї–∞ –њ—А–Њ—И–ї–∞ —Г—Б–њ–µ—И–љ–Њ
[INFO] 2026-05-11 12:48:26,194 apps.core.views: –Ч–∞–≥—А—Г–Ј–Ї–∞ –њ—А–Њ—И–ї–∞ —Г—Б–њ–µ—И–љ–Њ
[INFO] 2026-05-11 12:48:32,711 apps.core.views: –Ч–∞–≥—А—Г–Ј–Ї–∞ –њ—А–Њ—И–ї–∞ —Г—Б–њ–µ—И–љ–Њ
[INFO] 2026-05-11 12:48:33,131 apps.core.views: –Ч–∞–≥—А—Г–Ј–Ї–∞ –њ—А–Њ—И–ї–∞ —Г—Б–њ–µ—И–љ–Њ
[INFO] 2026-05-11 16:33:06,303 django.utils.autoreload: Watching for file changes with StatReloader
[INFO] 2026-05-11 16:33:15,196 apps.core.views: «агрузка прошла успешно
[INFO] 2026-05-11 16:33:17,355 apps.core.views: «агрузка прошла успешно
[ERROR] 2026-05-11 16:33:19,553 django.request: Internal Server Error: /animals/
Traceback (most recent call last):
  File "D:\University\IGI\LR5\venv\Lib\site-packages\django\core\handlers\exception.py", line 55, in inner
    response = get_response(request)
  File "D:\University\IGI\LR5\venv\Lib\site-packages\django\core\handlers\base.py", line 198, in _get_response
    response = wrapped_callback(request, *callback_args, **callback_kwargs)
  File "D:\University\IGI\LR5\apps\animals\views.py", line 8, in index
    return render(request, "animal/index.html", {"animals": animals})
  File "D:\University\IGI\LR5\venv\Lib\site-packages\django\shortcuts.py", line 25, in render
    content = loader.render_to_string(template_name, context, request, using=using)
  File "D:\University\IGI\LR5\venv\Lib\site-packages\django\template\loader.py", line 61, in render_to_string
    template = get_template(template_name, using=using)
  File "D:\University\IGI\LR5\venv\Lib\site-packages\django\template\loader.py", line 19, in get_template
    raise TemplateDoesNotExist(template_name, chain=chain)
django.template.exceptions.TemplateDoesNotExist: animal/index.html
[INFO] 2026-05-11 16:33:42,071 django.utils.autoreload: D:\University\IGI\LR5\apps\animals\views.py changed, reloading.
[INFO] 2026-05-11 16:33:42,844 django.utils.autoreload: Watching for file changes with StatReloader
[ERROR] 2026-05-11 16:34:25,789 django.request: Internal Server Error: /animals/
Traceback (most recent call last):
  File "D:\University\IGI\LR5\venv\Lib\site-packages\django\core\handlers\exception.py", line 55, in inner
    response = get_response(request)
  File "D:\University\IGI\LR5\venv\Lib\site-packages\django\core\handlers\base.py", line 198, in _get_response
    response = wrapped_callback(request, *callback_args, **callback_kwargs)
  File "D:\University\IGI\LR5\apps\animals\views.py", line 8, in index
    return render(request, "animals/index.html", {"animals": animals})
  File "D:\University\IGI\LR5\venv\Lib\site-packages\django\shortcuts.py", line 25, in render
    content = loader.render_to_string(template_name, context, request, using=using)
  File "D:\University\IGI\LR5\venv\Lib\site-packages\django\template\loader.py", line 62, in render_to_string
    return template.render(context, request)
           ~~~~~~~~~~~~~~~^^^^^^^^^^^^^^^^^^
  File "D:\University\IGI\LR5\venv\Lib\site-packages\django\template\backends\django.py", line 107, in render
    return self.template.render(context)
           ~~~~~~~~~~~~~~~~~~~~^^^^^^^^^
  File "D:\University\IGI\LR5\venv\Lib\site-packages\django\template\base.py", line 174, in render
    return self._render(context)
           ~~~~~~~~~~~~^^^^^^^^^
  File "D:\University\IGI\LR5\venv\Lib\site-packages\django\template\base.py", line 166, in _render
    return self.nodelist.render(context)
           ~~~~~~~~~~~~~~~~~~~~^^^^^^^^^
  File "D:\University\IGI\LR5\venv\Lib\site-packages\django\template\base.py", line 1091, in render
    return SafeString("".join([node.render_annotated(context) for node in self]))
                               ~~~~~~~~~~~~~~~~~~~~~^^^^^^^^^
  File "D:\University\IGI\LR5\venv\Lib\site-packages\django\template\base.py", line 1052, in render_annotated
    return self.render(context)
           ~~~~~~~~~~~^^^^^^^^^
  File "D:\University\IGI\LR5\venv\Lib\site-packages\django\template\defaulttags.py", line 249, in render
    nodelist.append(node.render_annotated(context))
                    ~~~~~~~~~~~~~~~~~~~~~^^^^^^^^^
  File "D:\University\IGI\LR5\venv\Lib\site-packages\django\template\base.py", line 1052, in render_annotated
    return self.render(context)
           ~~~~~~~~~~~^^^^^^^^^
  File "D:\University\IGI\LR5\venv\Lib\site-packages\django\template\defaulttags.py", line 333, in render
    return nodelist.render(context)
           ~~~~~~~~~~~~~~~^^^^^^^^^
  File "D:\University\IGI\LR5\venv\Lib\site-packages\django\template\base.py", line 1091, in render
    return SafeString("".join([node.render_annotated(context) for node in self]))
                               ~~~~~~~~~~~~~~~~~~~~~^^^^^^^^^
  File "D:\University\IGI\LR5\venv\Lib\site-packages\django\template\base.py", line 1052, in render_annotated
    return self.render(context)
           ~~~~~~~~~~~^^^^^^^^^
  File "D:\University\IGI\LR5\venv\Lib\site-packages\django\template\defaulttags.py", line 511, in render
    url = reverse(view_name, args=args, kwargs=kwargs, current_app=current_app)
  File "D:\University\IGI\LR5\venv\Lib\site-packages\django\urls\base.py", line 98, in reverse
    resolved_url = resolver._reverse_with_prefix(view, prefix, *args, **kwargs)
  File "D:\University\IGI\LR5\venv\Lib\site-packages\django\urls\resolvers.py", line 842, in _reverse_with_prefix
    raise NoReverseMatch(msg)
django.urls.exceptions.NoReverseMatch: Reverse for 'detail' not found. 'detail' is not a valid view function or pattern name.
[INFO] 2026-05-11 16:36:57,805 django.utils.autoreload: D:\University\IGI\LR5\apps\accounts\models.py changed, reloading.
[INFO] 2026-05-11 16:36:58,526 django.utils.autoreload: Watching for file changes with StatReloader
[INFO] 2026-05-11 16:37:15,897 django.utils.autoreload: D:\University\IGI\LR5\apps\accounts\models.py changed, reloading.
[INFO] 2026-05-11 16:37:16,523 django.utils.autoreload: Watching for file changes with StatReloader
[INFO] 2026-05-11 16:37:19,865 django.utils.autoreload: D:\University\IGI\LR5\apps\accounts\models.py changed, reloading.
[INFO] 2026-05-11 16:37:20,547 django.utils.autoreload: Watching for file changes with StatReloader
[INFO] 2026-05-11 16:37:21,836 django.utils.autoreload: D:\University\IGI\LR5\apps\accounts\models.py changed, reloading.
[INFO] 2026-05-11 16:37:22,390 django.utils.autoreload: Watching for file changes with StatReloader
[INFO] 2026-05-11 16:37:28,880 django.utils.autoreload: D:\University\IGI\LR5\apps\accounts\models.py changed, reloading.
[INFO] 2026-05-11 16:37:29,511 django.utils.autoreload: Watching for file changes with StatReloader
[INFO] 2026-05-11 16:37:40,863 django.utils.autoreload: D:\University\IGI\LR5\apps\accounts\forms.py changed, reloading.
[INFO] 2026-05-11 16:37:41,639 django.utils.autoreload: Watching for file changes with StatReloader
[INFO] 2026-05-11 16:37:44,110 django.utils.autoreload: D:\University\IGI\LR5\apps\accounts\forms.py changed, reloading.
[INFO] 2026-05-11 16:37:44,747 django.utils.autoreload: Watching for file changes with StatReloader
[INFO] 2026-05-11 16:38:04,636 django.utils.autoreload: D:\University\IGI\LR5\apps\accounts\forms.py changed, reloading.
[INFO] 2026-05-11 16:38:05,381 django.utils.autoreload: Watching for file changes with StatReloader
[INFO] 2026-05-11 16:38:07,033 django.utils.autoreload: D:\University\IGI\LR5\apps\accounts\forms.py changed, reloading.
[INFO] 2026-05-11 16:38:07,779 django.utils.autoreload: Watching for file changes with StatReloader
[INFO] 2026-05-11 16:38:09,325 django.utils.autoreload: D:\University\IGI\LR5\apps\accounts\forms.py changed, reloading.
[INFO] 2026-05-11 16:38:10,084 django.utils.autoreload: Watching for file changes with StatReloader
[INFO] 2026-05-11 16:38:12,634 django.utils.autoreload: D:\University\IGI\LR5\apps\accounts\forms.py changed, reloading.
[INFO] 2026-05-11 16:38:13,283 django.utils.autoreload: Watching for file changes with StatReloader
[INFO] 2026-05-11 16:38:25,430 django.utils.autoreload: D:\University\IGI\LR5\apps\accounts\forms.py changed, reloading.
[INFO] 2026-05-11 16:38:26,167 django.utils.autoreload: Watching for file changes with StatReloader
[INFO] 2026-05-11 16:38:30,826 django.utils.autoreload: D:\University\IGI\LR5\apps\accounts\forms.py changed, reloading.
[INFO] 2026-05-11 16:38:31,431 django.utils.autoreload: Watching for file changes with StatReloader
[INFO] 2026-05-11 16:38:34,051 django.utils.autoreload: D:\University\IGI\LR5\apps\accounts\forms.py changed, reloading.
[INFO] 2026-05-11 16:38:34,648 django.utils.autoreload: Watching for file changes with StatReloader
[INFO] 2026-05-11 16:38:38,334 django.utils.autoreload: D:\University\IGI\LR5\apps\accounts\forms.py changed, reloading.
[INFO] 2026-05-11 16:38:38,955 django.utils.autoreload: Watching for file changes with StatReloader
[INFO] 2026-05-11 16:38:40,526 django.utils.autoreload: D:\University\IGI\LR5\apps\accounts\forms.py changed, reloading.
[INFO] 2026-05-11 16:38:41,169 django.utils.autoreload: Watching for file changes with StatReloader
[INFO] 2026-05-11 16:38:42,547 django.utils.autoreload: D:\University\IGI\LR5\apps\accounts\forms.py changed, reloading.
[INFO] 2026-05-11 16:38:43,189 django.utils.autoreload: Watching for file changes with StatReloader
[INFO] 2026-05-11 16:38:47,795 django.utils.autoreload: D:\University\IGI\LR5\apps\accounts\forms.py changed, reloading.
[INFO] 2026-05-11 16:38:48,547 django.utils.autoreload: Watching for file changes with StatReloader
[INFO] 2026-05-11 16:38:50,187 django.utils.autoreload: D:\University\IGI\LR5\apps\accounts\forms.py changed, reloading.
[INFO] 2026-05-11 16:38:50,880 django.utils.autoreload: Watching for file changes with StatReloader
[INFO] 2026-05-11 16:38:52,270 django.utils.autoreload: D:\University\IGI\LR5\apps\accounts\forms.py changed, reloading.
[INFO] 2026-05-11 16:38:52,884 django.utils.autoreload: Watching for file changes with StatReloader
[INFO] 2026-05-11 16:38:56,383 django.utils.autoreload: D:\University\IGI\LR5\apps\accounts\forms.py changed, reloading.
[INFO] 2026-05-11 16:38:56,974 django.utils.autoreload: Watching for file changes with StatReloader
[INFO] 2026-05-11 16:39:24,682 django.utils.autoreload: D:\University\IGI\LR5\apps\accounts\forms.py changed, reloading.
[INFO] 2026-05-11 16:39:25,535 django.utils.autoreload: Watching for file changes with StatReloader
[INFO] 2026-05-11 16:39:27,166 django.utils.autoreload: D:\University\IGI\LR5\apps\accounts\forms.py changed, reloading.
[INFO] 2026-05-11 16:39:27,799 django.utils.autoreload: Watching for file changes with StatReloader
[INFO] 2026-05-11 16:39:30,251 django.utils.autoreload: D:\University\IGI\LR5\apps\accounts\forms.py changed, reloading.
[INFO] 2026-05-11 16:39:30,895 django.utils.autoreload: Watching for file changes with StatReloader
[INFO] 2026-05-11 16:39:34,565 django.utils.autoreload: D:\University\IGI\LR5\apps\accounts\forms.py changed, reloading.
[INFO] 2026-05-11 16:39:35,234 django.utils.autoreload: Watching for file changes with StatReloader
[INFO] 2026-05-11 16:39:37,722 django.utils.autoreload: D:\University\IGI\LR5\apps\accounts\forms.py changed, reloading.
[INFO] 2026-05-11 16:39:38,464 django.utils.autoreload: Watching for file changes with StatReloader
[INFO] 2026-05-11 16:39:45,235 django.utils.autoreload: D:\University\IGI\LR5\apps\accounts\forms.py changed, reloading.
[INFO] 2026-05-11 16:39:45,852 django.utils.autoreload: Watching for file changes with StatReloader
[INFO] 2026-05-11 16:39:58,999 django.utils.autoreload: D:\University\IGI\LR5\apps\accounts\forms.py changed, reloading.
[INFO] 2026-05-11 16:39:59,713 django.utils.autoreload: Watching for file changes with StatReloader
[INFO] 2026-05-11 16:40:05,443 django.utils.autoreload: D:\University\IGI\LR5\apps\accounts\forms.py changed, reloading.
[INFO] 2026-05-11 16:40:06,200 django.utils.autoreload: Watching for file changes with StatReloader
[INFO] 2026-05-11 16:40:08,733 django.utils.autoreload: D:\University\IGI\LR5\apps\accounts\forms.py changed, reloading.
[INFO] 2026-05-11 16:40:09,466 django.utils.autoreload: Watching for file changes with StatReloader
[INFO] 2026-05-11 16:40:11,012 django.utils.autoreload: D:\University\IGI\LR5\apps\accounts\forms.py changed, reloading.
[INFO] 2026-05-11 16:40:11,678 django.utils.autoreload: Watching for file changes with StatReloader
[INFO] 2026-05-11 16:40:13,131 django.utils.autoreload: D:\University\IGI\LR5\apps\accounts\forms.py changed, reloading.
[INFO] 2026-05-11 16:40:13,879 django.utils.autoreload: Watching for file changes with StatReloader
[INFO] 2026-05-11 16:40:16,303 django.utils.autoreload: D:\University\IGI\LR5\apps\accounts\forms.py changed, reloading.
[INFO] 2026-05-11 16:40:17,074 django.utils.autoreload: Watching for file changes with StatReloader
[INFO] 2026-05-11 16:40:35,607 django.utils.autoreload: D:\University\IGI\LR5\apps\accounts\forms.py changed, reloading.
[INFO] 2026-05-11 16:40:36,340 django.utils.autoreload: Watching for file changes with StatReloader
[INFO] 2026-05-11 16:41:02,341 django.utils.autoreload: Watching for file changes with StatReloader
[INFO] 2026-05-11 16:41:11,995 apps.core.views: «агрузка прошла успешно
[INFO] 2026-05-11 16:41:13,222 apps.core.views: «агрузка прошла успешно
[INFO] 2026-05-11 16:41:49,469 apps.core.views: «агрузка прошла успешно
[INFO] 2026-05-11 16:41:51,209 apps.core.views: «агрузка прошла успешно
[INFO] 2026-05-11 16:42:21,196 django.utils.autoreload: D:\University\IGI\LR5\apps\accounts\forms.py changed, reloading.
[INFO] 2026-05-11 16:42:21,914 django.utils.autoreload: Watching for file changes with StatReloader
[INFO] 2026-05-11 16:43:27,684 django.utils.autoreload: Watching for file changes with StatReloader
[INFO] 2026-05-11 16:46:22,224 django.utils.autoreload: D:\University\IGI\LR5\apps\accounts\forms.py changed, reloading.
[INFO] 2026-05-11 16:46:23,033 django.utils.autoreload: Watching for file changes with StatReloader
[INFO] 2026-05-11 16:46:25,854 django.utils.autoreload: D:\University\IGI\LR5\apps\accounts\forms.py changed, reloading.
[INFO] 2026-05-11 16:46:26,517 django.utils.autoreload: Watching for file changes with StatReloader
[INFO] 2026-05-11 16:46:34,451 django.utils.autoreload: D:\University\IGI\LR5\apps\accounts\forms.py changed, reloading.
[INFO] 2026-05-11 16:46:35,194 django.utils.autoreload: Watching for file changes with StatReloader
[INFO] 2026-05-11 16:46:37,808 django.utils.autoreload: D:\University\IGI\LR5\apps\accounts\forms.py changed, reloading.
[INFO] 2026-05-11 16:46:38,432 django.utils.autoreload: Watching for file changes with StatReloader
[INFO] 2026-05-11 16:46:42,188 django.utils.autoreload: D:\University\IGI\LR5\apps\accounts\forms.py changed, reloading.
[INFO] 2026-05-11 16:46:42,933 django.utils.autoreload: Watching for file changes with StatReloader
[INFO] 2026-05-11 16:46:45,686 django.utils.autoreload: D:\University\IGI\LR5\apps\accounts\forms.py changed, reloading.
[INFO] 2026-05-11 16:46:46,327 django.utils.autoreload: Watching for file changes with StatReloader
[INFO] 2026-05-11 16:46:58,975 django.utils.autoreload: D:\University\IGI\LR5\apps\accounts\forms.py changed, reloading.
[INFO] 2026-05-11 16:46:59,786 django.utils.autoreload: Watching for file changes with StatReloader
[INFO] 2026-05-11 16:47:49,945 django.utils.autoreload: D:\University\IGI\LR5\apps\accounts\forms.py changed, reloading.
[INFO] 2026-05-11 16:47:50,804 django.utils.autoreload: Watching for file changes with StatReloader
[INFO] 2026-05-11 16:48:16,647 django.utils.autoreload: Watching for file changes with StatReloader
[INFO] 2026-05-11 16:48:26,882 apps.core.views: «агрузка прошла успешно
[INFO] 2026-05-11 16:48:28,217 apps.core.views: «агрузка прошла успешно
[INFO] 2026-05-11 16:48:28,933 apps.core.views: «агрузка прошла успешно
[INFO] 2026-05-11 16:48:29,917 apps.core.views: «агрузка прошла успешно
[INFO] 2026-05-12 15:15:09,082 django.utils.autoreload: Watching for file changes with StatReloader
[INFO] 2026-05-12 15:16:09,174 django.utils.autoreload: Watching for file changes with StatReloader
[INFO] 2026-05-12 15:16:20,370 django.utils.autoreload: Watching for file changes with StatReloader
[INFO] 2026-05-12 15:16:33,150 apps.core.views: «агрузка прошла успешно
[INFO] 2026-05-12 15:16:33,604 apps.core.views: «агрузка прошла успешно
[WARNING] 2026-05-12 15:16:33,764 django.request: Not Found: /favicon.ico
[INFO] 2026-05-12 15:16:46,794 apps.core.views: «агрузка прошла успешно
[INFO] 2026-05-12 15:16:47,614 apps.core.views: «агрузка прошла успешно
[ERROR] 2026-05-12 15:16:51,564 django.request: Internal Server Error: /statistic/
Traceback (most recent call last):
  File "D:\University\IGI\LR5\venv\Lib\site-packages\django\core\handlers\exception.py", line 55, in inner
    response = get_response(request)
  File "D:\University\IGI\LR5\venv\Lib\site-packages\django\core\handlers\base.py", line 198, in _get_response
    response = wrapped_callback(request, *callback_args, **callback_kwargs)
  File "D:\University\IGI\LR5\venv\Lib\site-packages\django\views\generic\base.py", line 106, in view
    return self.dispatch(request, *args, **kwargs)
           ~~~~~~~~~~~~~^^^^^^^^^^^^^^^^^^^^^^^^^^
  File "D:\University\IGI\LR5\venv\Lib\site-packages\django\contrib\auth\mixins.py", line 74, in dispatch
    return super().dispatch(request, *args, **kwargs)
           ~~~~~~~~~~~~~~~~^^^^^^^^^^^^^^^^^^^^^^^^^^
  File "D:\University\IGI\LR5\venv\Lib\site-packages\django\views\generic\base.py", line 145, in dispatch
    return handler(request, *args, **kwargs)
  File "D:\University\IGI\LR5\venv\Lib\site-packages\django\views\generic\base.py", line 229, in get
    context = self.get_context_data(**kwargs)
  File "D:\University\IGI\LR5\apps\statistic\views.py", line 44, in get_context_data
    visitors.aggregate(
    ~~~~~~~~~~~~~~~~~~^
        avg=Avg('age')
        ^^^^^^^^^^^^^^
    )['avg']
    ^
  File "D:\University\IGI\LR5\venv\Lib\site-packages\django\db\models\query.py", line 594, in aggregate
    return self.query.chain().get_aggregation(self.db, kwargs)
           ~~~~~~~~~~~~~~~~~~~~~~~~~~~~~~~~~~^^^^^^^^^^^^^^^^^
  File "D:\University\IGI\LR5\venv\Lib\site-packages\django\db\models\sql\query.py", line 638, in get_aggregation
    result = compiler.execute_sql(SINGLE)
  File "D:\University\IGI\LR5\venv\Lib\site-packages\django\db\models\sql\compiler.py", line 1611, in execute_sql
    sql, params = self.as_sql()
                  ~~~~~~~~~~~^^
  File "D:\University\IGI\LR5\venv\Lib\site-packages\django\db\models\sql\compiler.py", line 767, in as_sql
    extra_select, order_by, group_by = self.pre_sql_setup(
                                       ~~~~~~~~~~~~~~~~~~^
        with_col_aliases=with_col_aliases or bool(combinator),
        ^^^^^^^^^^^^^^^^^^^^^^^^^^^^^^^^^^^^^^^^^^^^^^^^^^^^^^
    )
    ^
  File "D:\University\IGI\LR5\venv\Lib\site-packages\django\db\models\sql\compiler.py", line 86, in pre_sql_setup
    self.setup_query(with_col_aliases=with_col_aliases)
    ~~~~~~~~~~~~~~~~^^^^^^^^^^^^^^^^^^^^^^^^^^^^^^^^^^^
  File "D:\University\IGI\LR5\venv\Lib\site-packages\django\db\models\sql\compiler.py", line 75, in setup_query
    self.select, self.klass_info, self.annotation_col_map = self.get_select(
                                                            ~~~~~~~~~~~~~~~^
        with_col_aliases=with_col_aliases,
        ^^^^^^^^^^^^^^^^^^^^^^^^^^^^^^^^^^
    )
    ^
  File "D:\University\IGI\LR5\venv\Lib\site-packages\django\db\models\sql\compiler.py", line 317, in get_select
    sql, params = self.compile(col)
                  ~~~~~~~~~~~~^^^^^
  File "D:\University\IGI\LR5\venv\Lib\site-packages\django\db\models\sql\compiler.py", line 576, in compile
    sql, params = vendor_impl(self, self.connection)
                  ~~~~~~~~~~~^^^^^^^^^^^^^^^^^^^^^^^
  File "D:\University\IGI\LR5\venv\Lib\site-packages\django\db\models\expressions.py", line 29, in as_sqlite
    sql, params = self.as_sql(compiler, connection, **extra_context)
                  ~~~~~~~~~~~^^^^^^^^^^^^^^^^^^^^^^^^^^^^^^^^^^^^^^^
  File "D:\University\IGI\LR5\venv\Lib\site-packages\django\db\models\aggregates.py", line 209, in as_sql
    sql, params = super().as_sql(compiler, connection, **extra_context)
                  ~~~~~~~~~~~~~~^^^^^^^^^^^^^^^^^^^^^^^^^^^^^^^^^^^^^^^
  File "D:\University\IGI\LR5\venv\Lib\site-packages\django\db\models\expressions.py", line 1102, in as_sql
    connection.ops.check_expression_support(self)
    ~~~~~~~~~~~~~~~~~~~~~~~~~~~~~~~~~~~~~~~^^^^^^
  File "D:\University\IGI\LR5\venv\Lib\site-packages\django\db\backends\sqlite3\operations.py", line 64, in check_expression_support
    raise NotSupportedError(
    ...<3 lines>...
    )
django.db.utils.NotSupportedError: You cannot use Sum, Avg, StdDev, and Variance aggregations on date/time fields in sqlite3 since date/time is saved as text.
[ERROR] 2026-05-12 15:17:01,263 django.request: Internal Server Error: /statistic/
Traceback (most recent call last):
  File "D:\University\IGI\LR5\venv\Lib\site-packages\django\core\handlers\exception.py", line 55, in inner
    response = get_response(request)
  File "D:\University\IGI\LR5\venv\Lib\site-packages\django\core\handlers\base.py", line 198, in _get_response
    response = wrapped_callback(request, *callback_args, **callback_kwargs)
  File "D:\University\IGI\LR5\venv\Lib\site-packages\django\views\generic\base.py", line 106, in view
    return self.dispatch(request, *args, **kwargs)
           ~~~~~~~~~~~~~^^^^^^^^^^^^^^^^^^^^^^^^^^
  File "D:\University\IGI\LR5\venv\Lib\site-packages\django\contrib\auth\mixins.py", line 74, in dispatch
    return super().dispatch(request, *args, **kwargs)
           ~~~~~~~~~~~~~~~~^^^^^^^^^^^^^^^^^^^^^^^^^^
  File "D:\University\IGI\LR5\venv\Lib\site-packages\django\views\generic\base.py", line 145, in dispatch
    return handler(request, *args, **kwargs)
  File "D:\University\IGI\LR5\venv\Lib\site-packages\django\views\generic\base.py", line 229, in get
    context = self.get_context_data(**kwargs)
  File "D:\University\IGI\LR5\apps\statistic\views.py", line 44, in get_context_data
    visitors.aggregate(
    ~~~~~~~~~~~~~~~~~~^
        avg=Avg('age')
        ^^^^^^^^^^^^^^
    )['avg']
    ^
  File "D:\University\IGI\LR5\venv\Lib\site-packages\django\db\models\query.py", line 594, in aggregate
    return self.query.chain().get_aggregation(self.db, kwargs)
           ~~~~~~~~~~~~~~~~~~~~~~~~~~~~~~~~~~^^^^^^^^^^^^^^^^^
  File "D:\University\IGI\LR5\venv\Lib\site-packages\django\db\models\sql\query.py", line 638, in get_aggregation
    result = compiler.execute_sql(SINGLE)
  File "D:\University\IGI\LR5\venv\Lib\site-packages\django\db\models\sql\compiler.py", line 1611, in execute_sql
    sql, params = self.as_sql()
                  ~~~~~~~~~~~^^
  File "D:\University\IGI\LR5\venv\Lib\site-packages\django\db\models\sql\compiler.py", line 767, in as_sql
    extra_select, order_by, group_by = self.pre_sql_setup(
                                       ~~~~~~~~~~~~~~~~~~^
        with_col_aliases=with_col_aliases or bool(combinator),
        ^^^^^^^^^^^^^^^^^^^^^^^^^^^^^^^^^^^^^^^^^^^^^^^^^^^^^^
    )
    ^
  File "D:\University\IGI\LR5\venv\Lib\site-packages\django\db\models\sql\compiler.py", line 86, in pre_sql_setup
    self.setup_query(with_col_aliases=with_col_aliases)
    ~~~~~~~~~~~~~~~~^^^^^^^^^^^^^^^^^^^^^^^^^^^^^^^^^^^
  File "D:\University\IGI\LR5\venv\Lib\site-packages\django\db\models\sql\compiler.py", line 75, in setup_query
    self.select, self.klass_info, self.annotation_col_map = self.get_select(
                                                            ~~~~~~~~~~~~~~~^
        with_col_aliases=with_col_aliases,
        ^^^^^^^^^^^^^^^^^^^^^^^^^^^^^^^^^^
    )
    ^
  File "D:\University\IGI\LR5\venv\Lib\site-packages\django\db\models\sql\compiler.py", line 317, in get_select
    sql, params = self.compile(col)
                  ~~~~~~~~~~~~^^^^^
  File "D:\University\IGI\LR5\venv\Lib\site-packages\django\db\models\sql\compiler.py", line 576, in compile
    sql, params = vendor_impl(self, self.connection)
                  ~~~~~~~~~~~^^^^^^^^^^^^^^^^^^^^^^^
  File "D:\University\IGI\LR5\venv\Lib\site-packages\django\db\models\expressions.py", line 29, in as_sqlite
    sql, params = self.as_sql(compiler, connection, **extra_context)
                  ~~~~~~~~~~~^^^^^^^^^^^^^^^^^^^^^^^^^^^^^^^^^^^^^^^
  File "D:\University\IGI\LR5\venv\Lib\site-packages\django\db\models\aggregates.py", line 209, in as_sql
    sql, params = super().as_sql(compiler, connection, **extra_context)
                  ~~~~~~~~~~~~~~^^^^^^^^^^^^^^^^^^^^^^^^^^^^^^^^^^^^^^^
  File "D:\University\IGI\LR5\venv\Lib\site-packages\django\db\models\expressions.py", line 1102, in as_sql
    connection.ops.check_expression_support(self)
    ~~~~~~~~~~~~~~~~~~~~~~~~~~~~~~~~~~~~~~~^^^^^^
  File "D:\University\IGI\LR5\venv\Lib\site-packages\django\db\backends\sqlite3\operations.py", line 64, in check_expression_support
    raise NotSupportedError(
    ...<3 lines>...
    )
django.db.utils.NotSupportedError: You cannot use Sum, Avg, StdDev, and Variance aggregations on date/time fields in sqlite3 since date/time is saved as text.
[INFO] 2026-05-12 15:22:20,904 django.utils.autoreload: D:\University\IGI\LR5\apps\statistic\views.py changed, reloading.
[INFO] 2026-05-12 15:22:21,855 django.utils.autoreload: Watching for file changes with StatReloader
[INFO] 2026-05-12 15:23:41,919 django.utils.autoreload: D:\University\IGI\LR5\apps\statistic\views.py changed, reloading.
[INFO] 2026-05-12 15:23:42,727 django.utils.autoreload: Watching for file changes with StatReloader
[INFO] 2026-05-12 15:23:46,489 django.utils.autoreload: D:\University\IGI\LR5\apps\statistic\views.py changed, reloading.
[INFO] 2026-05-12 15:23:47,094 django.utils.autoreload: Watching for file changes with StatReloader
[INFO] 2026-05-12 15:23:57,137 django.utils.autoreload: D:\University\IGI\LR5\apps\statistic\views.py changed, reloading.
[INFO] 2026-05-12 15:23:57,777 django.utils.autoreload: Watching for file changes with StatReloader
[INFO] 2026-05-12 15:23:59,392 django.utils.autoreload: D:\University\IGI\LR5\apps\statistic\views.py changed, reloading.
[INFO] 2026-05-12 15:24:00,058 django.utils.autoreload: Watching for file changes with StatReloader
[INFO] 2026-05-12 15:24:02,217 django.utils.autoreload: D:\University\IGI\LR5\apps\statistic\views.py changed, reloading.
[INFO] 2026-05-12 15:24:02,958 django.utils.autoreload: Watching for file changes with StatReloader
[INFO] 2026-05-12 15:24:05,180 django.utils.autoreload: D:\University\IGI\LR5\apps\statistic\views.py changed, reloading.
[INFO] 2026-05-12 15:24:05,921 django.utils.autoreload: Watching for file changes with StatReloader
[INFO] 2026-05-12 15:24:07,493 django.utils.autoreload: D:\University\IGI\LR5\apps\statistic\views.py changed, reloading.
[INFO] 2026-05-12 15:24:08,142 django.utils.autoreload: Watching for file changes with StatReloader
[INFO] 2026-05-12 15:24:18,155 django.utils.autoreload: D:\University\IGI\LR5\apps\statistic\views.py changed, reloading.
[INFO] 2026-05-12 15:24:18,817 django.utils.autoreload: Watching for file changes with StatReloader
[INFO] 2026-05-12 15:24:21,486 django.utils.autoreload: D:\University\IGI\LR5\apps\statistic\views.py changed, reloading.
[INFO] 2026-05-12 15:24:22,158 django.utils.autoreload: Watching for file changes with StatReloader
[INFO] 2026-05-12 15:24:23,787 django.utils.autoreload: D:\University\IGI\LR5\apps\statistic\views.py changed, reloading.
[INFO] 2026-05-12 15:24:24,449 django.utils.autoreload: Watching for file changes with StatReloader
[INFO] 2026-05-12 15:24:26,018 django.utils.autoreload: D:\University\IGI\LR5\apps\statistic\views.py changed, reloading.
[INFO] 2026-05-12 15:24:26,707 django.utils.autoreload: Watching for file changes with StatReloader
[INFO] 2026-05-12 15:24:28,311 django.utils.autoreload: D:\University\IGI\LR5\apps\statistic\views.py changed, reloading.
[INFO] 2026-05-12 15:24:28,979 django.utils.autoreload: Watching for file changes with StatReloader
[INFO] 2026-05-12 15:24:34,712 django.utils.autoreload: D:\University\IGI\LR5\apps\statistic\views.py changed, reloading.
[INFO] 2026-05-12 15:24:35,376 django.utils.autoreload: Watching for file changes with StatReloader
[INFO] 2026-05-12 15:25:10,084 django.utils.autoreload: D:\University\IGI\LR5\apps\statistic\views.py changed, reloading.
[INFO] 2026-05-12 15:25:10,773 django.utils.autoreload: Watching for file changes with StatReloader
[ERROR] 2026-05-12 15:25:15,031 django.request: Internal Server Error: /statistic/
Traceback (most recent call last):
  File "D:\University\IGI\LR5\venv\Lib\site-packages\django\core\handlers\exception.py", line 55, in inner
    response = get_response(request)
  File "D:\University\IGI\LR5\venv\Lib\site-packages\django\core\handlers\base.py", line 198, in _get_response
    response = wrapped_callback(request, *callback_args, **callback_kwargs)
  File "D:\University\IGI\LR5\venv\Lib\site-packages\django\views\generic\base.py", line 106, in view
    return self.dispatch(request, *args, **kwargs)
           ~~~~~~~~~~~~~^^^^^^^^^^^^^^^^^^^^^^^^^^
  File "D:\University\IGI\LR5\venv\Lib\site-packages\django\contrib\auth\mixins.py", line 74, in dispatch
    return super().dispatch(request, *args, **kwargs)
           ~~~~~~~~~~~~~~~~^^^^^^^^^^^^^^^^^^^^^^^^^^
  File "D:\University\IGI\LR5\venv\Lib\site-packages\django\views\generic\base.py", line 145, in dispatch
    return handler(request, *args, **kwargs)
  File "D:\University\IGI\LR5\venv\Lib\site-packages\django\views\generic\base.py", line 229, in get
    context = self.get_context_data(**kwargs)
  File "D:\University\IGI\LR5\apps\statistic\views.py", line 48, in get_context_data
    if visitor.birth_date:
       ^^^^^^^^^^^^^^^^^^
AttributeError: 'Profile' object has no attribute 'birth_date'
[INFO] 2026-05-12 15:25:34,577 django.utils.autoreload: D:\University\IGI\LR5\apps\statistic\views.py changed, reloading.
[INFO] 2026-05-12 15:25:35,431 django.utils.autoreload: Watching for file changes with StatReloader
[INFO] 2026-05-12 15:25:37,035 django.utils.autoreload: D:\University\IGI\LR5\apps\statistic\views.py changed, reloading.
[INFO] 2026-05-12 15:25:37,642 django.utils.autoreload: Watching for file changes with StatReloader
[INFO] 2026-05-12 15:25:40,956 django.utils.autoreload: D:\University\IGI\LR5\apps\statistic\views.py changed, reloading.
[INFO] 2026-05-12 15:25:41,783 django.utils.autoreload: Watching for file changes with StatReloader
[INFO] 2026-05-12 15:25:44,386 django.utils.autoreload: D:\University\IGI\LR5\apps\statistic\views.py changed, reloading.
[INFO] 2026-05-12 15:25:45,070 django.utils.autoreload: Watching for file changes with StatReloader
[INFO] 2026-05-12 15:25:48,399 django.utils.autoreload: D:\University\IGI\LR5\apps\statistic\views.py changed, reloading.
[INFO] 2026-05-12 15:25:49,154 django.utils.autoreload: Watching for file changes with StatReloader
[INFO] 2026-05-12 15:25:54,556 django.utils.autoreload: D:\University\IGI\LR5\apps\statistic\views.py changed, reloading.
[INFO] 2026-05-12 15:25:55,297 django.utils.autoreload: Watching for file changes with StatReloader
[ERROR] 2026-05-12 15:26:18,904 django.request: Internal Server Error: /statistic/
Traceback (most recent call last):
  File "D:\University\IGI\LR5\venv\Lib\site-packages\django\core\handlers\exception.py", line 55, in inner
    response = get_response(request)
  File "D:\University\IGI\LR5\venv\Lib\site-packages\django\core\handlers\base.py", line 198, in _get_response
    response = wrapped_callback(request, *callback_args, **callback_kwargs)
  File "D:\University\IGI\LR5\venv\Lib\site-packages\django\views\generic\base.py", line 106, in view
    return self.dispatch(request, *args, **kwargs)
           ~~~~~~~~~~~~~^^^^^^^^^^^^^^^^^^^^^^^^^^
  File "D:\University\IGI\LR5\venv\Lib\site-packages\django\contrib\auth\mixins.py", line 74, in dispatch
    return super().dispatch(request, *args, **kwargs)
           ~~~~~~~~~~~~~~~~^^^^^^^^^^^^^^^^^^^^^^^^^^
  File "D:\University\IGI\LR5\venv\Lib\site-packages\django\views\generic\base.py", line 145, in dispatch
    return handler(request, *args, **kwargs)
  File "D:\University\IGI\LR5\venv\Lib\site-packages\django\views\generic\base.py", line 229, in get
    context = self.get_context_data(**kwargs)
  File "D:\University\IGI\LR5\apps\statistic\views.py", line 177, in get_context_data
    graphic = base64.b64encode(image_png)
              ^^^^^^
NameError: name 'base64' is not defined. Did you forget to import 'base64'?
[INFO] 2026-05-12 15:27:11,286 django.utils.autoreload: D:\University\IGI\LR5\apps\statistic\views.py changed, reloading.
[INFO] 2026-05-12 15:27:12,101 django.utils.autoreload: Watching for file changes with StatReloader
[INFO] 2026-05-13 16:11:11,766 django.utils.autoreload: Watching for file changes with StatReloader
[INFO] 2026-05-13 16:11:26,016 apps.core.views: «агрузка прошла успешно
[INFO] 2026-05-13 16:11:26,535 apps.core.views: «агрузка прошла успешно
[WARNING] 2026-05-13 16:11:26,738 django.request: Not Found: /favicon.ico
[INFO] 2026-05-13 16:11:54,061 apps.core.views: «агрузка прошла успешно
[INFO] 2026-05-13 16:11:54,882 apps.core.views: «агрузка прошла успешно
[INFO] 2026-05-13 16:12:16,382 apps.core.views: «агрузка прошла успешно
[INFO] 2026-05-13 16:12:17,307 apps.core.views: «агрузка прошла успешно
[INFO] 2026-05-13 16:12:34,543 apps.core.views: «агрузка прошла успешно
[INFO] 2026-05-13 16:12:35,436 apps.core.views: «агрузка прошла успешно
[INFO] 2026-05-13 16:12:43,625 apps.core.views: «агрузка прошла успешно
[INFO] 2026-05-13 16:12:44,446 apps.core.views: «агрузка прошла успешно
[INFO] 2026-05-13 16:59:27,404 django.utils.autoreload: Watching for file changes with StatReloader
[INFO] 2026-05-13 16:59:37,488 apps.core.views: «агрузка прошла успешно
[INFO] 2026-05-13 16:59:38,407 apps.core.views: «агрузка прошла успешно
[ERROR] 2026-05-13 16:59:38,764 django.request: Internal Server Error: /
Traceback (most recent call last):
  File "D:\University\IGI\LR5\venv\Lib\site-packages\django\template\base.py", line 965, in _resolve_lookup
    current = current[bit]
              ~~~~~~~^^^^^
  File "D:\University\IGI\LR5\venv\Lib\site-packages\django\utils\functional.py", line 253, in inner
    return func(_wrapped, *args)
TypeError: 'User' object is not subscriptable

During handling of the above exception, another exception occurred:

Traceback (most recent call last):
  File "D:\University\IGI\LR5\venv\Lib\site-packages\django\db\models\fields\related_descriptors.py", line 502, in __get__
    rel_obj = self.related.get_cached_value(instance)
  File "D:\University\IGI\LR5\venv\Lib\site-packages\django\db\models\fields\mixins.py", line 21, in get_cached_value
    return instance._state.fields_cache[self.cache_name]
           ~~~~~~~~~~~~~~~~~~~~~~~~~~~~^^^^^^^^^^^^^^^^^
KeyError: 'profile'

During handling of the above exception, another exception occurred:

Traceback (most recent call last):
  File "D:\University\IGI\LR5\venv\Lib\site-packages\django\db\backends\utils.py", line 105, in _execute
    return self.cursor.execute(sql, params)
           ~~~~~~~~~~~~~~~~~~~^^^^^^^^^^^^^
  File "D:\University\IGI\LR5\venv\Lib\site-packages\django\db\backends\sqlite3\base.py", line 359, in execute
    return super().execute(query, params)
           ~~~~~~~~~~~~~~~^^^^^^^^^^^^^^^
sqlite3.OperationalError: no such column: accounts_profile.birth_date

The above exception was the direct cause of the following exception:

Traceback (most recent call last):
  File "D:\University\IGI\LR5\venv\Lib\site-packages\django\core\handlers\exception.py", line 55, in inner
    response = get_response(request)
  File "D:\University\IGI\LR5\venv\Lib\site-packages\django\core\handlers\base.py", line 221, in _get_response
    response = response.render()
  File "D:\University\IGI\LR5\venv\Lib\site-packages\django\template\response.py", line 114, in render
    self.content = self.rendered_content
                   ^^^^^^^^^^^^^^^^^^^^^
  File "D:\University\IGI\LR5\venv\Lib\site-packages\django\template\response.py", line 92, in rendered_content
    return template.render(context, self._request)
           ~~~~~~~~~~~~~~~^^^^^^^^^^^^^^^^^^^^^^^^
  File "D:\University\IGI\LR5\venv\Lib\site-packages\django\template\backends\django.py", line 107, in render
    return self.template.render(context)
           ~~~~~~~~~~~~~~~~~~~~^^^^^^^^^
  File "D:\University\IGI\LR5\venv\Lib\site-packages\django\template\base.py", line 174, in render
    return self._render(context)
           ~~~~~~~~~~~~^^^^^^^^^
  File "D:\University\IGI\LR5\venv\Lib\site-packages\django\template\base.py", line 166, in _render
    return self.nodelist.render(context)
           ~~~~~~~~~~~~~~~~~~~~^^^^^^^^^
  File "D:\University\IGI\LR5\venv\Lib\site-packages\django\template\base.py", line 1091, in render
    return SafeString("".join([node.render_annotated(context) for node in self]))
                               ~~~~~~~~~~~~~~~~~~~~~^^^^^^^^^
  File "D:\University\IGI\LR5\venv\Lib\site-packages\django\template\base.py", line 1052, in render_annotated
    return self.render(context)
           ~~~~~~~~~~~^^^^^^^^^
  File "D:\University\IGI\LR5\venv\Lib\site-packages\django\template\defaulttags.py", line 333, in render
    return nodelist.render(context)
           ~~~~~~~~~~~~~~~^^^^^^^^^
  File "D:\University\IGI\LR5\venv\Lib\site-packages\django\template\base.py", line 1091, in render
    return SafeString("".join([node.render_annotated(context) for node in self]))
                               ~~~~~~~~~~~~~~~~~~~~~^^^^^^^^^
  File "D:\University\IGI\LR5\venv\Lib\site-packages\django\template\base.py", line 1052, in render_annotated
    return self.render(context)
           ~~~~~~~~~~~^^^^^^^^^
  File "D:\University\IGI\LR5\venv\Lib\site-packages\django\template\base.py", line 1150, in render
    output = self.filter_expression.resolve(context)
  File "D:\University\IGI\LR5\venv\Lib\site-packages\django\template\base.py", line 788, in resolve
    obj = self.var.resolve(context)
  File "D:\University\IGI\LR5\venv\Lib\site-packages\django\template\base.py", line 928, in resolve
    value = self._resolve_lookup(context)
  File "D:\University\IGI\LR5\venv\Lib\site-packages\django\template\base.py", line 976, in _resolve_lookup
    current = getattr(current, bit)
  File "D:\University\IGI\LR5\venv\Lib\site-packages\django\utils\functional.py", line 253, in inner
    return func(_wrapped, *args)
  File "D:\University\IGI\LR5\venv\Lib\site-packages\django\db\models\fields\related_descriptors.py", line 509, in __get__
    rel_obj = self.get_queryset(instance=instance).get(**filter_args)
  File "D:\University\IGI\LR5\venv\Lib\site-packages\django\db\models\query.py", line 635, in get
    num = len(clone)
  File "D:\University\IGI\LR5\venv\Lib\site-packages\django\db\models\query.py", line 372, in __len__
    self._fetch_all()
    ~~~~~~~~~~~~~~~^^
  File "D:\University\IGI\LR5\venv\Lib\site-packages\django\db\models\query.py", line 2000, in _fetch_all
    self._result_cache = list(self._iterable_class(self))
                         ~~~~^^^^^^^^^^^^^^^^^^^^^^^^^^^^
  File "D:\University\IGI\LR5\venv\Lib\site-packages\django\db\models\query.py", line 95, in __iter__
    results = compiler.execute_sql(
        chunked_fetch=self.chunked_fetch, chunk_size=self.chunk_size
    )
  File "D:\University\IGI\LR5\venv\Lib\site-packages\django\db\models\sql\compiler.py", line 1624, in execute_sql
    cursor.execute(sql, params)
    ~~~~~~~~~~~~~~^^^^^^^^^^^^^
  File "D:\University\IGI\LR5\venv\Lib\site-packages\django\db\backends\utils.py", line 122, in execute
    return super().execute(sql, params)
           ~~~~~~~~~~~~~~~^^^^^^^^^^^^^
  File "D:\University\IGI\LR5\venv\Lib\site-packages\django\db\backends\utils.py", line 79, in execute
    return self._execute_with_wrappers(
           ~~~~~~~~~~~~~~~~~~~~~~~~~~~^
        sql, params, many=False, executor=self._execute
        ^^^^^^^^^^^^^^^^^^^^^^^^^^^^^^^^^^^^^^^^^^^^^^^
    )
    ^
  File "D:\University\IGI\LR5\venv\Lib\site-packages\django\db\backends\utils.py", line 92, in _execute_with_wrappers
    return executor(sql, params, many, context)
  File "D:\University\IGI\LR5\venv\Lib\site-packages\django\db\backends\utils.py", line 100, in _execute
    with self.db.wrap_database_errors:
         ^^^^^^^^^^^^^^^^^^^^^^^^^^^^
  File "D:\University\IGI\LR5\venv\Lib\site-packages\django\db\utils.py", line 94, in __exit__
    raise dj_exc_value.with_traceback(traceback) from exc_value
  File "D:\University\IGI\LR5\venv\Lib\site-packages\django\db\backends\utils.py", line 105, in _execute
    return self.cursor.execute(sql, params)
           ~~~~~~~~~~~~~~~~~~~^^^^^^^^^^^^^
  File "D:\University\IGI\LR5\venv\Lib\site-packages\django\db\backends\sqlite3\base.py", line 359, in execute
    return super().execute(query, params)
           ~~~~~~~~~~~~~~~^^^^^^^^^^^^^^^
django.db.utils.OperationalError: no such column: accounts_profile.birth_date
[WARNING] 2026-05-13 16:59:39,152 django.request: Not Found: /favicon.ico
[INFO] 2026-05-13 17:01:12,759 django.utils.autoreload: D:\University\IGI\LR5\apps\accounts\views.py changed, reloading.
[INFO] 2026-05-13 17:01:13,689 django.utils.autoreload: Watching for file changes with StatReloader
[INFO] 2026-05-13 17:01:21,442 django.utils.autoreload: D:\University\IGI\LR5\apps\accounts\views.py changed, reloading.
[INFO] 2026-05-13 17:01:22,320 django.utils.autoreload: Watching for file changes with StatReloader
[INFO] 2026-05-13 17:01:40,414 apps.core.views: «агрузка прошла успешно
[INFO] 2026-05-13 17:01:41,285 apps.core.views: «агрузка прошла успешно
[ERROR] 2026-05-13 17:01:41,451 django.request: Internal Server Error: /
Traceback (most recent call last):
  File "D:\University\IGI\LR5\venv\Lib\site-packages\django\template\base.py", line 965, in _resolve_lookup
    current = current[bit]
              ~~~~~~~^^^^^
  File "D:\University\IGI\LR5\venv\Lib\site-packages\django\utils\functional.py", line 253, in inner
    return func(_wrapped, *args)
TypeError: 'User' object is not subscriptable

During handling of the above exception, another exception occurred:

Traceback (most recent call last):
  File "D:\University\IGI\LR5\venv\Lib\site-packages\django\db\models\fields\related_descriptors.py", line 502, in __get__
    rel_obj = self.related.get_cached_value(instance)
  File "D:\University\IGI\LR5\venv\Lib\site-packages\django\db\models\fields\mixins.py", line 21, in get_cached_value
    return instance._state.fields_cache[self.cache_name]
           ~~~~~~~~~~~~~~~~~~~~~~~~~~~~^^^^^^^^^^^^^^^^^
KeyError: 'profile'

During handling of the above exception, another exception occurred:

Traceback (most recent call last):
  File "D:\University\IGI\LR5\venv\Lib\site-packages\django\db\backends\utils.py", line 105, in _execute
    return self.cursor.execute(sql, params)
           ~~~~~~~~~~~~~~~~~~~^^^^^^^^^^^^^
  File "D:\University\IGI\LR5\venv\Lib\site-packages\django\db\backends\sqlite3\base.py", line 359, in execute
    return super().execute(query, params)
           ~~~~~~~~~~~~~~~^^^^^^^^^^^^^^^
sqlite3.OperationalError: no such column: accounts_profile.birth_date

The above exception was the direct cause of the following exception:

Traceback (most recent call last):
  File "D:\University\IGI\LR5\venv\Lib\site-packages\django\core\handlers\exception.py", line 55, in inner
    response = get_response(request)
  File "D:\University\IGI\LR5\venv\Lib\site-packages\django\core\handlers\base.py", line 221, in _get_response
    response = response.render()
  File "D:\University\IGI\LR5\venv\Lib\site-packages\django\template\response.py", line 114, in render
    self.content = self.rendered_content
                   ^^^^^^^^^^^^^^^^^^^^^
  File "D:\University\IGI\LR5\venv\Lib\site-packages\django\template\response.py", line 92, in rendered_content
    return template.render(context, self._request)
           ~~~~~~~~~~~~~~~^^^^^^^^^^^^^^^^^^^^^^^^
  File "D:\University\IGI\LR5\venv\Lib\site-packages\django\template\backends\django.py", line 107, in render
    return self.template.render(context)
           ~~~~~~~~~~~~~~~~~~~~^^^^^^^^^
  File "D:\University\IGI\LR5\venv\Lib\site-packages\django\template\base.py", line 174, in render
    return self._render(context)
           ~~~~~~~~~~~~^^^^^^^^^
  File "D:\University\IGI\LR5\venv\Lib\site-packages\django\template\base.py", line 166, in _render
    return self.nodelist.render(context)
           ~~~~~~~~~~~~~~~~~~~~^^^^^^^^^
  File "D:\University\IGI\LR5\venv\Lib\site-packages\django\template\base.py", line 1091, in render
    return SafeString("".join([node.render_annotated(context) for node in self]))
                               ~~~~~~~~~~~~~~~~~~~~~^^^^^^^^^
  File "D:\University\IGI\LR5\venv\Lib\site-packages\django\template\base.py", line 1052, in render_annotated
    return self.render(context)
           ~~~~~~~~~~~^^^^^^^^^
  File "D:\University\IGI\LR5\venv\Lib\site-packages\django\template\defaulttags.py", line 333, in render
    return nodelist.render(context)
           ~~~~~~~~~~~~~~~^^^^^^^^^
  File "D:\University\IGI\LR5\venv\Lib\site-packages\django\template\base.py", line 1091, in render
    return SafeString("".join([node.render_annotated(context) for node in self]))
                               ~~~~~~~~~~~~~~~~~~~~~^^^^^^^^^
  File "D:\University\IGI\LR5\venv\Lib\site-packages\django\template\base.py", line 1052, in render_annotated
    return self.render(context)
           ~~~~~~~~~~~^^^^^^^^^
  File "D:\University\IGI\LR5\venv\Lib\site-packages\django\template\base.py", line 1150, in render
    output = self.filter_expression.resolve(context)
  File "D:\University\IGI\LR5\venv\Lib\site-packages\django\template\base.py", line 788, in resolve
    obj = self.var.resolve(context)
  File "D:\University\IGI\LR5\venv\Lib\site-packages\django\template\base.py", line 928, in resolve
    value = self._resolve_lookup(context)
  File "D:\University\IGI\LR5\venv\Lib\site-packages\django\template\base.py", line 976, in _resolve_lookup
    current = getattr(current, bit)
  File "D:\University\IGI\LR5\venv\Lib\site-packages\django\utils\functional.py", line 253, in inner
    return func(_wrapped, *args)
  File "D:\University\IGI\LR5\venv\Lib\site-packages\django\db\models\fields\related_descriptors.py", line 509, in __get__
    rel_obj = self.get_queryset(instance=instance).get(**filter_args)
  File "D:\University\IGI\LR5\venv\Lib\site-packages\django\db\models\query.py", line 635, in get
    num = len(clone)
  File "D:\University\IGI\LR5\venv\Lib\site-packages\django\db\models\query.py", line 372, in __len__
    self._fetch_all()
    ~~~~~~~~~~~~~~~^^
  File "D:\University\IGI\LR5\venv\Lib\site-packages\django\db\models\query.py", line 2000, in _fetch_all
    self._result_cache = list(self._iterable_class(self))
                         ~~~~^^^^^^^^^^^^^^^^^^^^^^^^^^^^
  File "D:\University\IGI\LR5\venv\Lib\site-packages\django\db\models\query.py", line 95, in __iter__
    results = compiler.execute_sql(
        chunked_fetch=self.chunked_fetch, chunk_size=self.chunk_size
    )
  File "D:\University\IGI\LR5\venv\Lib\site-packages\django\db\models\sql\compiler.py", line 1624, in execute_sql
    cursor.execute(sql, params)
    ~~~~~~~~~~~~~~^^^^^^^^^^^^^
  File "D:\University\IGI\LR5\venv\Lib\site-packages\django\db\backends\utils.py", line 122, in execute
    return super().execute(sql, params)
           ~~~~~~~~~~~~~~~^^^^^^^^^^^^^
  File "D:\University\IGI\LR5\venv\Lib\site-packages\django\db\backends\utils.py", line 79, in execute
    return self._execute_with_wrappers(
           ~~~~~~~~~~~~~~~~~~~~~~~~~~~^
        sql, params, many=False, executor=self._execute
        ^^^^^^^^^^^^^^^^^^^^^^^^^^^^^^^^^^^^^^^^^^^^^^^
    )
    ^
  File "D:\University\IGI\LR5\venv\Lib\site-packages\django\db\backends\utils.py", line 92, in _execute_with_wrappers
    return executor(sql, params, many, context)
  File "D:\University\IGI\LR5\venv\Lib\site-packages\django\db\backends\utils.py", line 100, in _execute
    with self.db.wrap_database_errors:
         ^^^^^^^^^^^^^^^^^^^^^^^^^^^^
  File "D:\University\IGI\LR5\venv\Lib\site-packages\django\db\utils.py", line 94, in __exit__
    raise dj_exc_value.with_traceback(traceback) from exc_value
  File "D:\University\IGI\LR5\venv\Lib\site-packages\django\db\backends\utils.py", line 105, in _execute
    return self.cursor.execute(sql, params)
           ~~~~~~~~~~~~~~~~~~~^^^^^^^^^^^^^
  File "D:\University\IGI\LR5\venv\Lib\site-packages\django\db\backends\sqlite3\base.py", line 359, in execute
    return super().execute(query, params)
           ~~~~~~~~~~~~~~~^^^^^^^^^^^^^^^
django.db.utils.OperationalError: no such column: accounts_profile.birth_date
[INFO] 2026-05-13 17:01:42,923 apps.core.views: «агрузка прошла успешно
[INFO] 2026-05-13 17:01:43,746 apps.core.views: «агрузка прошла успешно
[ERROR] 2026-05-13 17:01:43,891 django.request: Internal Server Error: /
Traceback (most recent call last):
  File "D:\University\IGI\LR5\venv\Lib\site-packages\django\template\base.py", line 965, in _resolve_lookup
    current = current[bit]
              ~~~~~~~^^^^^
  File "D:\University\IGI\LR5\venv\Lib\site-packages\django\utils\functional.py", line 253, in inner
    return func(_wrapped, *args)
TypeError: 'User' object is not subscriptable

During handling of the above exception, another exception occurred:

Traceback (most recent call last):
  File "D:\University\IGI\LR5\venv\Lib\site-packages\django\db\models\fields\related_descriptors.py", line 502, in __get__
    rel_obj = self.related.get_cached_value(instance)
  File "D:\University\IGI\LR5\venv\Lib\site-packages\django\db\models\fields\mixins.py", line 21, in get_cached_value
    return instance._state.fields_cache[self.cache_name]
           ~~~~~~~~~~~~~~~~~~~~~~~~~~~~^^^^^^^^^^^^^^^^^
KeyError: 'profile'

During handling of the above exception, another exception occurred:

Traceback (most recent call last):
  File "D:\University\IGI\LR5\venv\Lib\site-packages\django\db\backends\utils.py", line 105, in _execute
    return self.cursor.execute(sql, params)
           ~~~~~~~~~~~~~~~~~~~^^^^^^^^^^^^^
  File "D:\University\IGI\LR5\venv\Lib\site-packages\django\db\backends\sqlite3\base.py", line 359, in execute
    return super().execute(query, params)
           ~~~~~~~~~~~~~~~^^^^^^^^^^^^^^^
sqlite3.OperationalError: no such column: accounts_profile.birth_date

The above exception was the direct cause of the following exception:

Traceback (most recent call last):
  File "D:\University\IGI\LR5\venv\Lib\site-packages\django\core\handlers\exception.py", line 55, in inner
    response = get_response(request)
  File "D:\University\IGI\LR5\venv\Lib\site-packages\django\core\handlers\base.py", line 221, in _get_response
    response = response.render()
  File "D:\University\IGI\LR5\venv\Lib\site-packages\django\template\response.py", line 114, in render
    self.content = self.rendered_content
                   ^^^^^^^^^^^^^^^^^^^^^
  File "D:\University\IGI\LR5\venv\Lib\site-packages\django\template\response.py", line 92, in rendered_content
    return template.render(context, self._request)
           ~~~~~~~~~~~~~~~^^^^^^^^^^^^^^^^^^^^^^^^
  File "D:\University\IGI\LR5\venv\Lib\site-packages\django\template\backends\django.py", line 107, in render
    return self.template.render(context)
           ~~~~~~~~~~~~~~~~~~~~^^^^^^^^^
  File "D:\University\IGI\LR5\venv\Lib\site-packages\django\template\base.py", line 174, in render
    return self._render(context)
           ~~~~~~~~~~~~^^^^^^^^^
  File "D:\University\IGI\LR5\venv\Lib\site-packages\django\template\base.py", line 166, in _render
    return self.nodelist.render(context)
           ~~~~~~~~~~~~~~~~~~~~^^^^^^^^^
  File "D:\University\IGI\LR5\venv\Lib\site-packages\django\template\base.py", line 1091, in render
    return SafeString("".join([node.render_annotated(context) for node in self]))
                               ~~~~~~~~~~~~~~~~~~~~~^^^^^^^^^
  File "D:\University\IGI\LR5\venv\Lib\site-packages\django\template\base.py", line 1052, in render_annotated
    return self.render(context)
           ~~~~~~~~~~~^^^^^^^^^
  File "D:\University\IGI\LR5\venv\Lib\site-packages\django\template\defaulttags.py", line 333, in render
    return nodelist.render(context)
           ~~~~~~~~~~~~~~~^^^^^^^^^
  File "D:\University\IGI\LR5\venv\Lib\site-packages\django\template\base.py", line 1091, in render
    return SafeString("".join([node.render_annotated(context) for node in self]))
                               ~~~~~~~~~~~~~~~~~~~~~^^^^^^^^^
  File "D:\University\IGI\LR5\venv\Lib\site-packages\django\template\base.py", line 1052, in render_annotated
    return self.render(context)
           ~~~~~~~~~~~^^^^^^^^^
  File "D:\University\IGI\LR5\venv\Lib\site-packages\django\template\base.py", line 1150, in render
    output = self.filter_expression.resolve(context)
  File "D:\University\IGI\LR5\venv\Lib\site-packages\django\template\base.py", line 788, in resolve
    obj = self.var.resolve(context)
  File "D:\University\IGI\LR5\venv\Lib\site-packages\django\template\base.py", line 928, in resolve
    value = self._resolve_lookup(context)
  File "D:\University\IGI\LR5\venv\Lib\site-packages\django\template\base.py", line 976, in _resolve_lookup
    current = getattr(current, bit)
  File "D:\University\IGI\LR5\venv\Lib\site-packages\django\utils\functional.py", line 253, in inner
    return func(_wrapped, *args)
  File "D:\University\IGI\LR5\venv\Lib\site-packages\django\db\models\fields\related_descriptors.py", line 509, in __get__
    rel_obj = self.get_queryset(instance=instance).get(**filter_args)
  File "D:\University\IGI\LR5\venv\Lib\site-packages\django\db\models\query.py", line 635, in get
    num = len(clone)
  File "D:\University\IGI\LR5\venv\Lib\site-packages\django\db\models\query.py", line 372, in __len__
    self._fetch_all()
    ~~~~~~~~~~~~~~~^^
  File "D:\University\IGI\LR5\venv\Lib\site-packages\django\db\models\query.py", line 2000, in _fetch_all
    self._result_cache = list(self._iterable_class(self))
                         ~~~~^^^^^^^^^^^^^^^^^^^^^^^^^^^^
  File "D:\University\IGI\LR5\venv\Lib\site-packages\django\db\models\query.py", line 95, in __iter__
    results = compiler.execute_sql(
        chunked_fetch=self.chunked_fetch, chunk_size=self.chunk_size
    )
  File "D:\University\IGI\LR5\venv\Lib\site-packages\django\db\models\sql\compiler.py", line 1624, in execute_sql
    cursor.execute(sql, params)
    ~~~~~~~~~~~~~~^^^^^^^^^^^^^
  File "D:\University\IGI\LR5\venv\Lib\site-packages\django\db\backends\utils.py", line 122, in execute
    return super().execute(sql, params)
           ~~~~~~~~~~~~~~~^^^^^^^^^^^^^
  File "D:\University\IGI\LR5\venv\Lib\site-packages\django\db\backends\utils.py", line 79, in execute
    return self._execute_with_wrappers(
           ~~~~~~~~~~~~~~~~~~~~~~~~~~~^
        sql, params, many=False, executor=self._execute
        ^^^^^^^^^^^^^^^^^^^^^^^^^^^^^^^^^^^^^^^^^^^^^^^
    )
    ^
  File "D:\University\IGI\LR5\venv\Lib\site-packages\django\db\backends\utils.py", line 92, in _execute_with_wrappers
    return executor(sql, params, many, context)
  File "D:\University\IGI\LR5\venv\Lib\site-packages\django\db\backends\utils.py", line 100, in _execute
    with self.db.wrap_database_errors:
         ^^^^^^^^^^^^^^^^^^^^^^^^^^^^
  File "D:\University\IGI\LR5\venv\Lib\site-packages\django\db\utils.py", line 94, in __exit__
    raise dj_exc_value.with_traceback(traceback) from exc_value
  File "D:\University\IGI\LR5\venv\Lib\site-packages\django\db\backends\utils.py", line 105, in _execute
    return self.cursor.execute(sql, params)
           ~~~~~~~~~~~~~~~~~~~^^^^^^^^^^^^^
  File "D:\University\IGI\LR5\venv\Lib\site-packages\django\db\backends\sqlite3\base.py", line 359, in execute
    return super().execute(query, params)
           ~~~~~~~~~~~~~~~^^^^^^^^^^^^^^^
django.db.utils.OperationalError: no such column: accounts_profile.birth_date
[INFO] 2026-05-13 17:06:10,264 django.utils.autoreload: Watching for file changes with StatReloader
[INFO] 2026-05-13 17:06:44,292 apps.core.views: «агрузка прошла успешно
[INFO] 2026-05-13 17:06:45,208 apps.core.views: «агрузка прошла успешно
